2021-08-23 22:35:09,586 - org.apache.skywalking.oap.server.starter.config.ApplicationConfigLoader - 170 [main] INFO  [] - Remove module receiver-zabbix without any provider
2021-08-23 22:35:09,591 - org.apache.skywalking.oap.server.starter.config.ApplicationConfigLoader - 170 [main] INFO  [] - Remove module prometheus-fetcher without any provider
2021-08-23 22:35:09,591 - org.apache.skywalking.oap.server.starter.config.ApplicationConfigLoader - 170 [main] INFO  [] - Remove module kafka-fetcher without any provider
2021-08-23 22:35:09,592 - org.apache.skywalking.oap.server.starter.config.ApplicationConfigLoader - 170 [main] INFO  [] - Remove module receiver-otel without any provider
2021-08-23 22:35:09,592 - org.apache.skywalking.oap.server.starter.config.ApplicationConfigLoader - 170 [main] INFO  [] - Remove module receiver_zipkin without any provider
2021-08-23 22:35:09,594 - org.apache.skywalking.oap.server.starter.config.ApplicationConfigLoader - 170 [main] INFO  [] - Remove module receiver_jaeger without any provider
2021-08-23 22:35:09,594 - org.apache.skywalking.oap.server.starter.config.ApplicationConfigLoader - 170 [main] INFO  [] - Remove module exporter without any provider
2021-08-23 22:35:09,594 - org.apache.skywalking.oap.server.starter.config.ApplicationConfigLoader - 170 [main] INFO  [] - Remove module health-checker without any provider
2021-08-23 22:35:09,595 - org.apache.skywalking.oap.server.starter.config.ApplicationConfigLoader - 65 [main] INFO  [] - Get a module define from application.yml, module name: cluster
2021-08-23 22:35:09,596 - org.apache.skywalking.oap.server.starter.config.ApplicationConfigLoader - 69 [main] INFO  [] - Get a provider define belong to cluster module, provider name: standalone
2021-08-23 22:35:09,597 - org.apache.skywalking.oap.server.starter.config.ApplicationConfigLoader - 65 [main] INFO  [] - Get a module define from application.yml, module name: core
2021-08-23 22:35:09,597 - org.apache.skywalking.oap.server.starter.config.ApplicationConfigLoader - 69 [main] INFO  [] - Get a provider define belong to core module, provider name: default
2021-08-23 22:35:09,598 - org.apache.skywalking.oap.server.starter.config.ApplicationConfigLoader - 118 [main] INFO  [] - Provider=default config=role has been set as Mixed
2021-08-23 22:35:09,598 - org.apache.skywalking.oap.server.starter.config.ApplicationConfigLoader - 118 [main] INFO  [] - Provider=default config=restHost has been set as 0.0.0.0
2021-08-23 22:35:09,599 - org.apache.skywalking.oap.server.starter.config.ApplicationConfigLoader - 118 [main] INFO  [] - Provider=default config=restPort has been set as 12800
2021-08-23 22:35:09,599 - org.apache.skywalking.oap.server.starter.config.ApplicationConfigLoader - 118 [main] INFO  [] - Provider=default config=restContextPath has been set as /
2021-08-23 22:35:09,600 - org.apache.skywalking.oap.server.starter.config.ApplicationConfigLoader - 118 [main] INFO  [] - Provider=default config=restMinThreads has been set as 1
2021-08-23 22:35:09,600 - org.apache.skywalking.oap.server.starter.config.ApplicationConfigLoader - 118 [main] INFO  [] - Provider=default config=restMaxThreads has been set as 200
2021-08-23 22:35:09,600 - org.apache.skywalking.oap.server.starter.config.ApplicationConfigLoader - 118 [main] INFO  [] - Provider=default config=restIdleTimeOut has been set as 30000
2021-08-23 22:35:09,601 - org.apache.skywalking.oap.server.starter.config.ApplicationConfigLoader - 118 [main] INFO  [] - Provider=default config=restAcceptorPriorityDelta has been set as 0
2021-08-23 22:35:09,601 - org.apache.skywalking.oap.server.starter.config.ApplicationConfigLoader - 118 [main] INFO  [] - Provider=default config=restAcceptQueueSize has been set as 0
2021-08-23 22:35:09,601 - org.apache.skywalking.oap.server.starter.config.ApplicationConfigLoader - 118 [main] INFO  [] - Provider=default config=gRPCHost has been set as 0.0.0.0
2021-08-23 22:35:09,601 - org.apache.skywalking.oap.server.starter.config.ApplicationConfigLoader - 118 [main] INFO  [] - Provider=default config=gRPCPort has been set as 11800
2021-08-23 22:35:09,602 - org.apache.skywalking.oap.server.starter.config.ApplicationConfigLoader - 118 [main] INFO  [] - Provider=default config=maxConcurrentCallsPerConnection has been set as 0
2021-08-23 22:35:09,602 - org.apache.skywalking.oap.server.starter.config.ApplicationConfigLoader - 118 [main] INFO  [] - Provider=default config=maxMessageSize has been set as 0
2021-08-23 22:35:09,602 - org.apache.skywalking.oap.server.starter.config.ApplicationConfigLoader - 118 [main] INFO  [] - Provider=default config=gRPCThreadPoolQueueSize has been set as -1
2021-08-23 22:35:09,603 - org.apache.skywalking.oap.server.starter.config.ApplicationConfigLoader - 118 [main] INFO  [] - Provider=default config=gRPCThreadPoolSize has been set as -1
2021-08-23 22:35:09,603 - org.apache.skywalking.oap.server.starter.config.ApplicationConfigLoader - 118 [main] INFO  [] - Provider=default config=gRPCSslEnabled has been set as false
2021-08-23 22:35:09,604 - org.apache.skywalking.oap.server.starter.config.ApplicationConfigLoader - 118 [main] INFO  [] - Provider=default config=gRPCSslKeyPath has been set as 
2021-08-23 22:35:09,604 - org.apache.skywalking.oap.server.starter.config.ApplicationConfigLoader - 118 [main] INFO  [] - Provider=default config=gRPCSslCertChainPath has been set as 
2021-08-23 22:35:09,604 - org.apache.skywalking.oap.server.starter.config.ApplicationConfigLoader - 118 [main] INFO  [] - Provider=default config=gRPCSslTrustedCAPath has been set as 
2021-08-23 22:35:09,606 - org.apache.skywalking.oap.server.starter.config.ApplicationConfigLoader - 118 [main] INFO  [] - Provider=default config=downsampling has been set as [Hour, Day]
2021-08-23 22:35:09,606 - org.apache.skywalking.oap.server.starter.config.ApplicationConfigLoader - 118 [main] INFO  [] - Provider=default config=enableDataKeeperExecutor has been set as true
2021-08-23 22:35:09,609 - org.apache.skywalking.oap.server.starter.config.ApplicationConfigLoader - 118 [main] INFO  [] - Provider=default config=dataKeeperExecutePeriod has been set as 5
2021-08-23 22:35:09,609 - org.apache.skywalking.oap.server.starter.config.ApplicationConfigLoader - 118 [main] INFO  [] - Provider=default config=recordDataTTL has been set as 3
2021-08-23 22:35:09,609 - org.apache.skywalking.oap.server.starter.config.ApplicationConfigLoader - 118 [main] INFO  [] - Provider=default config=metricsDataTTL has been set as 7
2021-08-23 22:35:09,610 - org.apache.skywalking.oap.server.starter.config.ApplicationConfigLoader - 118 [main] INFO  [] - Provider=default config=enableDatabaseSession has been set as true
2021-08-23 22:35:09,610 - org.apache.skywalking.oap.server.starter.config.ApplicationConfigLoader - 118 [main] INFO  [] - Provider=default config=topNReportPeriod has been set as 10
2021-08-23 22:35:09,610 - org.apache.skywalking.oap.server.starter.config.ApplicationConfigLoader - 118 [main] INFO  [] - Provider=default config=activeExtraModelColumns has been set as false
2021-08-23 22:35:09,610 - org.apache.skywalking.oap.server.starter.config.ApplicationConfigLoader - 118 [main] INFO  [] - Provider=default config=serviceNameMaxLength has been set as 70
2021-08-23 22:35:09,611 - org.apache.skywalking.oap.server.starter.config.ApplicationConfigLoader - 118 [main] INFO  [] - Provider=default config=instanceNameMaxLength has been set as 70
2021-08-23 22:35:09,611 - org.apache.skywalking.oap.server.starter.config.ApplicationConfigLoader - 118 [main] INFO  [] - Provider=default config=endpointNameMaxLength has been set as 150
2021-08-23 22:35:09,611 - org.apache.skywalking.oap.server.starter.config.ApplicationConfigLoader - 118 [main] INFO  [] - Provider=default config=searchableTracesTags has been set as http.method,status_code,db.type,db.instance,mq.queue,mq.topic,mq.broker
2021-08-23 22:35:09,612 - org.apache.skywalking.oap.server.starter.config.ApplicationConfigLoader - 118 [main] INFO  [] - Provider=default config=searchableLogsTags has been set as level
2021-08-23 22:35:09,612 - org.apache.skywalking.oap.server.starter.config.ApplicationConfigLoader - 118 [main] INFO  [] - Provider=default config=syncThreads has been set as 2
2021-08-23 22:35:09,612 - org.apache.skywalking.oap.server.starter.config.ApplicationConfigLoader - 118 [main] INFO  [] - Provider=default config=maxSyncOperationNum has been set as 50000
2021-08-23 22:35:09,612 - org.apache.skywalking.oap.server.starter.config.ApplicationConfigLoader - 65 [main] INFO  [] - Get a module define from application.yml, module name: storage
2021-08-23 22:35:09,612 - org.apache.skywalking.oap.server.starter.config.ApplicationConfigLoader - 69 [main] INFO  [] - Get a provider define belong to storage module, provider name: mysql
2021-08-23 22:35:09,613 - org.apache.skywalking.oap.server.starter.config.ApplicationConfigLoader - 118 [main] INFO  [] - Provider=mysql config=jdbcUrl has been set as jdbc:mysql://localhost:3309/swtest?serverTimezone=UTC&characterEncoding=utf-8
2021-08-23 22:35:09,614 - org.apache.skywalking.oap.server.starter.config.ApplicationConfigLoader - 118 [main] INFO  [] - Provider=mysql config=dataSource.user has been set as root
2021-08-23 22:35:09,614 - org.apache.skywalking.oap.server.starter.config.ApplicationConfigLoader - 118 [main] INFO  [] - Provider=mysql config=dataSource.password has been set as root
2021-08-23 22:35:09,615 - org.apache.skywalking.oap.server.starter.config.ApplicationConfigLoader - 118 [main] INFO  [] - Provider=mysql config=dataSource.cachePrepStmts has been set as true
2021-08-23 22:35:09,615 - org.apache.skywalking.oap.server.starter.config.ApplicationConfigLoader - 118 [main] INFO  [] - Provider=mysql config=dataSource.prepStmtCacheSize has been set as 250
2021-08-23 22:35:09,615 - org.apache.skywalking.oap.server.starter.config.ApplicationConfigLoader - 118 [main] INFO  [] - Provider=mysql config=dataSource.prepStmtCacheSqlLimit has been set as 2048
2021-08-23 22:35:09,616 - org.apache.skywalking.oap.server.starter.config.ApplicationConfigLoader - 118 [main] INFO  [] - Provider=mysql config=dataSource.useServerPrepStmts has been set as true
2021-08-23 22:35:09,616 - org.apache.skywalking.oap.server.starter.config.ApplicationConfigLoader - 118 [main] INFO  [] - Provider=mysql config=metadataQueryMaxSize has been set as 5000
2021-08-23 22:35:09,616 - org.apache.skywalking.oap.server.starter.config.ApplicationConfigLoader - 118 [main] INFO  [] - Provider=mysql config=maxSizeOfArrayColumn has been set as 20
2021-08-23 22:35:09,616 - org.apache.skywalking.oap.server.starter.config.ApplicationConfigLoader - 118 [main] INFO  [] - Provider=mysql config=numOfSearchableValuesPerTag has been set as 2
2021-08-23 22:35:09,617 - org.apache.skywalking.oap.server.starter.config.ApplicationConfigLoader - 65 [main] INFO  [] - Get a module define from application.yml, module name: agent-analyzer
2021-08-23 22:35:09,617 - org.apache.skywalking.oap.server.starter.config.ApplicationConfigLoader - 69 [main] INFO  [] - Get a provider define belong to agent-analyzer module, provider name: default
2021-08-23 22:35:09,617 - org.apache.skywalking.oap.server.starter.config.ApplicationConfigLoader - 118 [main] INFO  [] - Provider=default config=sampleRate has been set as 10000
2021-08-23 22:35:09,617 - org.apache.skywalking.oap.server.starter.config.ApplicationConfigLoader - 118 [main] INFO  [] - Provider=default config=slowDBAccessThreshold has been set as default:200,mongodb:100
2021-08-23 22:35:09,618 - org.apache.skywalking.oap.server.starter.config.ApplicationConfigLoader - 118 [main] INFO  [] - Provider=default config=forceSampleErrorSegment has been set as true
2021-08-23 22:35:09,618 - org.apache.skywalking.oap.server.starter.config.ApplicationConfigLoader - 118 [main] INFO  [] - Provider=default config=segmentStatusAnalysisStrategy has been set as FROM_SPAN_STATUS
2021-08-23 22:35:09,618 - org.apache.skywalking.oap.server.starter.config.ApplicationConfigLoader - 118 [main] INFO  [] - Provider=default config=noUpstreamRealAddressAgents has been set as 6000,9000
2021-08-23 22:35:09,618 - org.apache.skywalking.oap.server.starter.config.ApplicationConfigLoader - 118 [main] INFO  [] - Provider=default config=slowTraceSegmentThreshold has been set as -1
2021-08-23 22:35:09,619 - org.apache.skywalking.oap.server.starter.config.ApplicationConfigLoader - 118 [main] INFO  [] - Provider=default config=meterAnalyzerActiveFiles has been set as spring-sleuth
2021-08-23 22:35:09,619 - org.apache.skywalking.oap.server.starter.config.ApplicationConfigLoader - 65 [main] INFO  [] - Get a module define from application.yml, module name: log-analyzer
2021-08-23 22:35:09,619 - org.apache.skywalking.oap.server.starter.config.ApplicationConfigLoader - 69 [main] INFO  [] - Get a provider define belong to log-analyzer module, provider name: default
2021-08-23 22:35:09,619 - org.apache.skywalking.oap.server.starter.config.ApplicationConfigLoader - 118 [main] INFO  [] - Provider=default config=lalFiles has been set as default
2021-08-23 22:35:09,619 - org.apache.skywalking.oap.server.starter.config.ApplicationConfigLoader - 118 [main] INFO  [] - Provider=default config=malFiles has been set as 
2021-08-23 22:35:09,620 - org.apache.skywalking.oap.server.starter.config.ApplicationConfigLoader - 65 [main] INFO  [] - Get a module define from application.yml, module name: event-analyzer
2021-08-23 22:35:09,620 - org.apache.skywalking.oap.server.starter.config.ApplicationConfigLoader - 69 [main] INFO  [] - Get a provider define belong to event-analyzer module, provider name: default
2021-08-23 22:35:09,620 - org.apache.skywalking.oap.server.starter.config.ApplicationConfigLoader - 65 [main] INFO  [] - Get a module define from application.yml, module name: receiver-sharing-server
2021-08-23 22:35:09,620 - org.apache.skywalking.oap.server.starter.config.ApplicationConfigLoader - 69 [main] INFO  [] - Get a provider define belong to receiver-sharing-server module, provider name: default
2021-08-23 22:35:09,620 - org.apache.skywalking.oap.server.starter.config.ApplicationConfigLoader - 118 [main] INFO  [] - Provider=default config=restHost has been set as 0.0.0.0
2021-08-23 22:35:09,620 - org.apache.skywalking.oap.server.starter.config.ApplicationConfigLoader - 118 [main] INFO  [] - Provider=default config=restPort has been set as 0
2021-08-23 22:35:09,621 - org.apache.skywalking.oap.server.starter.config.ApplicationConfigLoader - 118 [main] INFO  [] - Provider=default config=restContextPath has been set as /
2021-08-23 22:35:09,621 - org.apache.skywalking.oap.server.starter.config.ApplicationConfigLoader - 118 [main] INFO  [] - Provider=default config=restMinThreads has been set as 1
2021-08-23 22:35:09,621 - org.apache.skywalking.oap.server.starter.config.ApplicationConfigLoader - 118 [main] INFO  [] - Provider=default config=restMaxThreads has been set as 200
2021-08-23 22:35:09,621 - org.apache.skywalking.oap.server.starter.config.ApplicationConfigLoader - 118 [main] INFO  [] - Provider=default config=restIdleTimeOut has been set as 30000
2021-08-23 22:35:09,622 - org.apache.skywalking.oap.server.starter.config.ApplicationConfigLoader - 118 [main] INFO  [] - Provider=default config=restAcceptorPriorityDelta has been set as 0
2021-08-23 22:35:09,622 - org.apache.skywalking.oap.server.starter.config.ApplicationConfigLoader - 118 [main] INFO  [] - Provider=default config=restAcceptQueueSize has been set as 0
2021-08-23 22:35:09,622 - org.apache.skywalking.oap.server.starter.config.ApplicationConfigLoader - 118 [main] INFO  [] - Provider=default config=gRPCHost has been set as 0.0.0.0
2021-08-23 22:35:09,622 - org.apache.skywalking.oap.server.starter.config.ApplicationConfigLoader - 118 [main] INFO  [] - Provider=default config=gRPCPort has been set as 0
2021-08-23 22:35:09,623 - org.apache.skywalking.oap.server.starter.config.ApplicationConfigLoader - 118 [main] INFO  [] - Provider=default config=maxConcurrentCallsPerConnection has been set as 0
2021-08-23 22:35:09,623 - org.apache.skywalking.oap.server.starter.config.ApplicationConfigLoader - 118 [main] INFO  [] - Provider=default config=maxMessageSize has been set as 0
2021-08-23 22:35:09,623 - org.apache.skywalking.oap.server.starter.config.ApplicationConfigLoader - 118 [main] INFO  [] - Provider=default config=gRPCThreadPoolQueueSize has been set as 0
2021-08-23 22:35:09,624 - org.apache.skywalking.oap.server.starter.config.ApplicationConfigLoader - 118 [main] INFO  [] - Provider=default config=gRPCThreadPoolSize has been set as 0
2021-08-23 22:35:09,624 - org.apache.skywalking.oap.server.starter.config.ApplicationConfigLoader - 118 [main] INFO  [] - Provider=default config=gRPCSslEnabled has been set as false
2021-08-23 22:35:09,624 - org.apache.skywalking.oap.server.starter.config.ApplicationConfigLoader - 118 [main] INFO  [] - Provider=default config=gRPCSslKeyPath has been set as 
2021-08-23 22:35:09,624 - org.apache.skywalking.oap.server.starter.config.ApplicationConfigLoader - 118 [main] INFO  [] - Provider=default config=gRPCSslCertChainPath has been set as 
2021-08-23 22:35:09,624 - org.apache.skywalking.oap.server.starter.config.ApplicationConfigLoader - 118 [main] INFO  [] - Provider=default config=authentication has been set as 
2021-08-23 22:35:09,624 - org.apache.skywalking.oap.server.starter.config.ApplicationConfigLoader - 65 [main] INFO  [] - Get a module define from application.yml, module name: receiver-register
2021-08-23 22:35:09,625 - org.apache.skywalking.oap.server.starter.config.ApplicationConfigLoader - 69 [main] INFO  [] - Get a provider define belong to receiver-register module, provider name: default
2021-08-23 22:35:09,625 - org.apache.skywalking.oap.server.starter.config.ApplicationConfigLoader - 65 [main] INFO  [] - Get a module define from application.yml, module name: receiver-trace
2021-08-23 22:35:09,625 - org.apache.skywalking.oap.server.starter.config.ApplicationConfigLoader - 69 [main] INFO  [] - Get a provider define belong to receiver-trace module, provider name: default
2021-08-23 22:35:09,625 - org.apache.skywalking.oap.server.starter.config.ApplicationConfigLoader - 65 [main] INFO  [] - Get a module define from application.yml, module name: receiver-jvm
2021-08-23 22:35:09,625 - org.apache.skywalking.oap.server.starter.config.ApplicationConfigLoader - 69 [main] INFO  [] - Get a provider define belong to receiver-jvm module, provider name: default
2021-08-23 22:35:09,625 - org.apache.skywalking.oap.server.starter.config.ApplicationConfigLoader - 65 [main] INFO  [] - Get a module define from application.yml, module name: receiver-clr
2021-08-23 22:35:09,625 - org.apache.skywalking.oap.server.starter.config.ApplicationConfigLoader - 69 [main] INFO  [] - Get a provider define belong to receiver-clr module, provider name: default
2021-08-23 22:35:09,625 - org.apache.skywalking.oap.server.starter.config.ApplicationConfigLoader - 65 [main] INFO  [] - Get a module define from application.yml, module name: receiver-profile
2021-08-23 22:35:09,626 - org.apache.skywalking.oap.server.starter.config.ApplicationConfigLoader - 69 [main] INFO  [] - Get a provider define belong to receiver-profile module, provider name: default
2021-08-23 22:35:09,626 - org.apache.skywalking.oap.server.starter.config.ApplicationConfigLoader - 65 [main] INFO  [] - Get a module define from application.yml, module name: service-mesh
2021-08-23 22:35:09,626 - org.apache.skywalking.oap.server.starter.config.ApplicationConfigLoader - 69 [main] INFO  [] - Get a provider define belong to service-mesh module, provider name: default
2021-08-23 22:35:09,626 - org.apache.skywalking.oap.server.starter.config.ApplicationConfigLoader - 65 [main] INFO  [] - Get a module define from application.yml, module name: envoy-metric
2021-08-23 22:35:09,626 - org.apache.skywalking.oap.server.starter.config.ApplicationConfigLoader - 69 [main] INFO  [] - Get a provider define belong to envoy-metric module, provider name: default
2021-08-23 22:35:09,626 - org.apache.skywalking.oap.server.starter.config.ApplicationConfigLoader - 118 [main] INFO  [] - Provider=default config=acceptMetricsService has been set as true
2021-08-23 22:35:09,626 - org.apache.skywalking.oap.server.starter.config.ApplicationConfigLoader - 118 [main] INFO  [] - Provider=default config=alsHTTPAnalysis has been set as 
2021-08-23 22:35:09,627 - org.apache.skywalking.oap.server.starter.config.ApplicationConfigLoader - 118 [main] INFO  [] - Provider=default config=k8sServiceNameRule has been set as ${pod.metadata.labels.(service.istio.io/canonical-name)}
2021-08-23 22:35:09,628 - org.apache.skywalking.oap.server.starter.config.ApplicationConfigLoader - 65 [main] INFO  [] - Get a module define from application.yml, module name: receiver-meter
2021-08-23 22:35:09,629 - org.apache.skywalking.oap.server.starter.config.ApplicationConfigLoader - 69 [main] INFO  [] - Get a provider define belong to receiver-meter module, provider name: default
2021-08-23 22:35:09,629 - org.apache.skywalking.oap.server.starter.config.ApplicationConfigLoader - 65 [main] INFO  [] - Get a module define from application.yml, module name: receiver-browser
2021-08-23 22:35:09,629 - org.apache.skywalking.oap.server.starter.config.ApplicationConfigLoader - 69 [main] INFO  [] - Get a provider define belong to receiver-browser module, provider name: default
2021-08-23 22:35:09,629 - org.apache.skywalking.oap.server.starter.config.ApplicationConfigLoader - 118 [main] INFO  [] - Provider=default config=sampleRate has been set as 10000
2021-08-23 22:35:09,629 - org.apache.skywalking.oap.server.starter.config.ApplicationConfigLoader - 65 [main] INFO  [] - Get a module define from application.yml, module name: receiver-log
2021-08-23 22:35:09,629 - org.apache.skywalking.oap.server.starter.config.ApplicationConfigLoader - 69 [main] INFO  [] - Get a provider define belong to receiver-log module, provider name: default
2021-08-23 22:35:09,629 - org.apache.skywalking.oap.server.starter.config.ApplicationConfigLoader - 65 [main] INFO  [] - Get a module define from application.yml, module name: query
2021-08-23 22:35:09,630 - org.apache.skywalking.oap.server.starter.config.ApplicationConfigLoader - 69 [main] INFO  [] - Get a provider define belong to query module, provider name: graphql
2021-08-23 22:35:09,630 - org.apache.skywalking.oap.server.starter.config.ApplicationConfigLoader - 118 [main] INFO  [] - Provider=graphql config=path has been set as /graphql
2021-08-23 22:35:09,630 - org.apache.skywalking.oap.server.starter.config.ApplicationConfigLoader - 65 [main] INFO  [] - Get a module define from application.yml, module name: alarm
2021-08-23 22:35:09,630 - org.apache.skywalking.oap.server.starter.config.ApplicationConfigLoader - 69 [main] INFO  [] - Get a provider define belong to alarm module, provider name: default
2021-08-23 22:35:09,630 - org.apache.skywalking.oap.server.starter.config.ApplicationConfigLoader - 65 [main] INFO  [] - Get a module define from application.yml, module name: telemetry
2021-08-23 22:35:09,630 - org.apache.skywalking.oap.server.starter.config.ApplicationConfigLoader - 69 [main] INFO  [] - Get a provider define belong to telemetry module, provider name: none
2021-08-23 22:35:09,631 - org.apache.skywalking.oap.server.starter.config.ApplicationConfigLoader - 65 [main] INFO  [] - Get a module define from application.yml, module name: configuration
2021-08-23 22:35:09,631 - org.apache.skywalking.oap.server.starter.config.ApplicationConfigLoader - 69 [main] INFO  [] - Get a provider define belong to configuration module, provider name: none
2021-08-23 22:35:09,631 - org.apache.skywalking.oap.server.starter.config.ApplicationConfigLoader - 65 [main] INFO  [] - Get a module define from application.yml, module name: configuration-discovery
2021-08-23 22:35:09,631 - org.apache.skywalking.oap.server.starter.config.ApplicationConfigLoader - 69 [main] INFO  [] - Get a provider define belong to configuration-discovery module, provider name: default
2021-08-23 22:35:09,632 - org.apache.skywalking.oap.server.starter.config.ApplicationConfigLoader - 118 [main] INFO  [] - Provider=default config=disableMessageDigest has been set as false
2021-08-23 22:35:09,632 - org.apache.skywalking.oap.server.starter.config.ApplicationConfigLoader - 65 [main] INFO  [] - Get a module define from application.yml, module name: receiver-event
2021-08-23 22:35:09,632 - org.apache.skywalking.oap.server.starter.config.ApplicationConfigLoader - 69 [main] INFO  [] - Get a provider define belong to receiver-event module, provider name: default
2021-08-23 22:35:09,750 - org.apache.skywalking.oap.server.library.module.ModuleDefine - 89 [main] INFO  [] - Prepare the default provider in agent-analyzer module.
2021-08-23 22:35:09,753 - org.apache.skywalking.oap.server.analyzer.provider.trace.UninstrumentedGatewaysConfig - 56 [main] INFO  [] - Default configured gateways: null
2021-08-23 22:35:09,753 - org.apache.skywalking.oap.server.analyzer.provider.trace.UninstrumentedGatewaysConfig - 83 [main] INFO  [] - Updating uninstrumented gateways with: null
2021-08-23 22:35:09,785 - org.apache.skywalking.oap.server.library.module.ModuleDefine - 89 [main] INFO  [] - Prepare the none provider in configuration module.
2021-08-23 22:35:09,785 - org.apache.skywalking.oap.server.library.module.ModuleDefine - 89 [main] INFO  [] - Prepare the default provider in configuration-discovery module.
2021-08-23 22:35:09,793 - org.apache.skywalking.oap.server.library.module.ModuleDefine - 89 [main] INFO  [] - Prepare the default provider in envoy-metric module.
2021-08-23 22:35:09,796 - org.apache.skywalking.oap.server.library.module.ModuleDefine - 89 [main] INFO  [] - Prepare the default provider in event-analyzer module.
2021-08-23 22:35:09,797 - org.apache.skywalking.oap.server.library.module.ModuleDefine - 89 [main] INFO  [] - Prepare the default provider in log-analyzer module.
2021-08-23 22:35:09,799 - org.apache.skywalking.oap.server.library.module.ModuleDefine - 89 [main] INFO  [] - Prepare the mysql provider in storage module.
2021-08-23 22:35:09,866 - org.apache.skywalking.oap.server.library.module.ModuleDefine - 89 [main] INFO  [] - Prepare the standalone provider in cluster module.
2021-08-23 22:35:09,868 - org.apache.skywalking.oap.server.library.module.ModuleDefine - 89 [main] INFO  [] - Prepare the default provider in core module.
2021-08-23 22:35:11,215 - org.apache.skywalking.oap.server.library.server.grpc.GRPCServer - 117 [main] INFO  [] - Server started, host 0.0.0.0 listening on 11800
2021-08-23 22:35:11,234 - org.eclipse.jetty.util.log - 169 [main] INFO  [] - Logging initialized @2672ms to org.eclipse.jetty.util.log.Slf4jLog
2021-08-23 22:35:11,361 - org.apache.skywalking.oap.server.library.server.jetty.JettyServer - 73 [main] INFO  [] - http server root context path: /
2021-08-23 22:35:11,423 - org.apache.skywalking.oap.server.library.module.ModuleDefine - 89 [main] INFO  [] - Prepare the graphql provider in query module.
2021-08-23 22:35:11,891 - com.coxautodev.graphql.tools.SchemaClassScanner - 155 [main] WARN  [] - Schema type was defined but can never be accessed, and can be safely deleted: NodeType
2021-08-23 22:35:11,891 - com.coxautodev.graphql.tools.SchemaClassScanner - 155 [main] WARN  [] - Schema type was defined but can never be accessed, and can be safely deleted: Long
2021-08-23 22:35:12,319 - org.apache.skywalking.oap.server.library.module.ModuleDefine - 89 [main] INFO  [] - Prepare the default provider in alarm module.
2021-08-23 22:35:12,345 - org.apache.skywalking.oap.server.core.alarm.provider.AlarmRulesWatcher - 102 [main] INFO  [] - Update alarm rules to Rules(rules=[AlarmRule(alarmRuleName=service_resp_time_rule, metricsName=service_resp_time, includeNames=[], includeNamesRegex=, excludeNames=[], excludeNamesRegex=, includeLabels=[], includeLabelsRegex=, excludeLabels=[], excludeLabelsRegex=, threshold=1000, op=>, period=10, count=3, silencePeriod=5, message=Response time of service {name} is more than 1000ms in 3 minutes of last 10 minutes., onlyAsCondition=false), AlarmRule(alarmRuleName=service_sla_rule, metricsName=service_sla, includeNames=[], includeNamesRegex=, excludeNames=[], excludeNamesRegex=, includeLabels=[], includeLabelsRegex=, excludeLabels=[], excludeLabelsRegex=, threshold=8000, op=<, period=10, count=2, silencePeriod=3, message=Successful rate of service {name} is lower than 80% in 2 minutes of last 10 minutes, onlyAsCondition=false), AlarmRule(alarmRuleName=service_resp_time_percentile_rule, metricsName=service_percentile, includeNames=[], includeNamesRegex=, excludeNames=[], excludeNamesRegex=, includeLabels=[], includeLabelsRegex=, excludeLabels=[], excludeLabelsRegex=, threshold=1000,1000,1000,1000,1000, op=>, period=10, count=3, silencePeriod=5, message=Percentile response time of service {name} alarm in 3 minutes of last 10 minutes, due to more than one condition of p50 > 1000, p75 > 1000, p90 > 1000, p95 > 1000, p99 > 1000, onlyAsCondition=false), AlarmRule(alarmRuleName=service_instance_resp_time_rule, metricsName=service_instance_resp_time, includeNames=[], includeNamesRegex=, excludeNames=[], excludeNamesRegex=, includeLabels=[], includeLabelsRegex=, excludeLabels=[], excludeLabelsRegex=, threshold=1000, op=>, period=10, count=2, silencePeriod=5, message=Response time of service instance {name} is more than 1000ms in 2 minutes of last 10 minutes, onlyAsCondition=false), AlarmRule(alarmRuleName=database_access_resp_time_rule, metricsName=database_access_resp_time, includeNames=[], includeNamesRegex=, excludeNames=[], excludeNamesRegex=, includeLabels=[], includeLabelsRegex=, excludeLabels=[], excludeLabelsRegex=, threshold=1000, op=>, period=10, count=2, silencePeriod=10, message=Response time of database access {name} is more than 1000ms in 2 minutes of last 10 minutes, onlyAsCondition=false), AlarmRule(alarmRuleName=endpoint_relation_resp_time_rule, metricsName=endpoint_relation_resp_time, includeNames=[], includeNamesRegex=, excludeNames=[], excludeNamesRegex=, includeLabels=[], includeLabelsRegex=, excludeLabels=[], excludeLabelsRegex=, threshold=1000, op=>, period=10, count=2, silencePeriod=10, message=Response time of endpoint relation {name} is more than 1000ms in 2 minutes of last 10 minutes, onlyAsCondition=false)], webhooks=[], grpchookSetting=null, slacks=null, wecchats=null, compositeRules=[], dingtalks=null, feishus=null)
2021-08-23 22:35:12,406 - org.apache.skywalking.oap.server.library.module.ModuleDefine - 89 [main] INFO  [] - Prepare the default provider in receiver-browser module.
2021-08-23 22:35:12,407 - org.apache.skywalking.oap.server.library.module.ModuleDefine - 89 [main] INFO  [] - Prepare the default provider in receiver-clr module.
2021-08-23 22:35:12,408 - org.apache.skywalking.oap.server.library.module.ModuleDefine - 89 [main] INFO  [] - Prepare the default provider in receiver-event module.
2021-08-23 22:35:12,408 - org.apache.skywalking.oap.server.library.module.ModuleDefine - 89 [main] INFO  [] - Prepare the default provider in receiver-jvm module.
2021-08-23 22:35:12,409 - org.apache.skywalking.oap.server.library.module.ModuleDefine - 89 [main] INFO  [] - Prepare the default provider in receiver-log module.
2021-08-23 22:35:12,409 - org.apache.skywalking.oap.server.library.module.ModuleDefine - 89 [main] INFO  [] - Prepare the default provider in receiver-register module.
2021-08-23 22:35:12,410 - org.apache.skywalking.oap.server.library.module.ModuleDefine - 89 [main] INFO  [] - Prepare the default provider in service-mesh module.
2021-08-23 22:35:12,411 - org.apache.skywalking.oap.server.library.module.ModuleDefine - 89 [main] INFO  [] - Prepare the default provider in receiver-meter module.
2021-08-23 22:35:12,411 - org.apache.skywalking.oap.server.library.module.ModuleDefine - 89 [main] INFO  [] - Prepare the default provider in receiver-profile module.
2021-08-23 22:35:12,412 - org.apache.skywalking.oap.server.library.module.ModuleDefine - 89 [main] INFO  [] - Prepare the default provider in receiver-sharing-server module.
2021-08-23 22:35:12,413 - org.apache.skywalking.oap.server.library.module.ModuleDefine - 89 [main] INFO  [] - Prepare the default provider in receiver-trace module.
2021-08-23 22:35:12,414 - org.apache.skywalking.oap.server.library.module.ModuleDefine - 89 [main] INFO  [] - Prepare the none provider in telemetry module.
2021-08-23 22:35:12,416 - org.apache.skywalking.oap.server.library.module.BootstrapFlow - 46 [main] INFO  [] - start the provider standalone in cluster module.
2021-08-23 22:35:12,416 - org.apache.skywalking.oap.server.library.module.BootstrapFlow - 46 [main] INFO  [] - start the provider none in configuration module.
2021-08-23 22:35:12,416 - org.apache.skywalking.oap.server.library.module.BootstrapFlow - 46 [main] INFO  [] - start the provider graphql in query module.
2021-08-23 22:35:12,425 - org.apache.skywalking.oap.server.library.server.jetty.JettyServer - 79 [main] INFO  [] - Bind handler GraphQLQueryHandler into jetty server 0.0.0.0:12800
2021-08-23 22:35:12,430 - org.apache.skywalking.oap.server.library.module.BootstrapFlow - 46 [main] INFO  [] - start the provider none in telemetry module.
2021-08-23 22:35:12,430 - org.apache.skywalking.oap.server.library.module.BootstrapFlow - 46 [main] INFO  [] - start the provider default in core module.
2021-08-23 22:35:12,433 - org.apache.skywalking.oap.server.library.server.grpc.GRPCServer - 140 [main] INFO  [] - Bind handler RemoteServiceHandler into gRPC server 0.0.0.0:11800
2021-08-23 22:35:12,457 - org.apache.skywalking.oap.server.library.server.grpc.GRPCServer - 140 [main] INFO  [] - Bind handler HealthCheckServiceHandler into gRPC server 0.0.0.0:11800
2021-08-23 22:35:12,906 - org.apache.skywalking.oap.server.core.analysis.DispatcherManager - 117 [main] INFO  [] - Dispatcher org.apache.skywalking.oap.server.core.analysis.manual.endpoint.EndpointMetaDispatcher is added into DefaultScopeDefine 42.
2021-08-23 22:35:12,907 - org.apache.skywalking.oap.server.core.analysis.DispatcherManager - 117 [main] INFO  [] - Dispatcher org.apache.skywalking.oap.server.core.analysis.manual.service.ServiceTrafficDispatcher is added into DefaultScopeDefine 1.
2021-08-23 22:35:12,907 - org.apache.skywalking.oap.server.core.analysis.DispatcherManager - 117 [main] INFO  [] - Dispatcher org.apache.skywalking.oap.server.core.analysis.manual.instance.InstanceTrafficDispatcher is added into DefaultScopeDefine 2.
2021-08-23 22:35:12,908 - org.apache.skywalking.oap.server.core.analysis.DispatcherManager - 117 [main] INFO  [] - Dispatcher org.apache.skywalking.oap.server.core.browser.manual.endpoint.BrowserAppPageTrafficDispatcher is added into DefaultScopeDefine 40.
2021-08-23 22:35:12,908 - org.apache.skywalking.oap.server.core.analysis.DispatcherManager - 117 [main] INFO  [] - Dispatcher org.apache.skywalking.oap.server.core.browser.manual.instance.BrowserAppSingleVersionTrafficDispatcher is added into DefaultScopeDefine 39.
2021-08-23 22:35:12,908 - org.apache.skywalking.oap.server.core.analysis.DispatcherManager - 117 [main] INFO  [] - Dispatcher org.apache.skywalking.oap.server.core.analysis.manual.database.DatabaseStatementDispatcher is added into DefaultScopeDefine 18.
2021-08-23 22:35:12,909 - org.apache.skywalking.oap.server.core.analysis.DispatcherManager - 117 [main] INFO  [] - Dispatcher org.apache.skywalking.oap.server.core.analysis.manual.relation.instance.ServiceInstanceCallRelationDispatcher is added into DefaultScopeDefine 5.
2021-08-23 22:35:12,909 - org.apache.skywalking.oap.server.core.analysis.DispatcherManager - 117 [main] INFO  [] - Dispatcher org.apache.skywalking.oap.server.core.analysis.manual.segment.SegmentDispatcher is added into DefaultScopeDefine 12.
2021-08-23 22:35:12,909 - org.apache.skywalking.oap.server.core.analysis.DispatcherManager - 117 [main] INFO  [] - Dispatcher org.apache.skywalking.oap.server.core.analysis.manual.relation.endpoint.EndpointCallRelationDispatcher is added into DefaultScopeDefine 6.
2021-08-23 22:35:12,910 - org.apache.skywalking.oap.server.core.analysis.DispatcherManager - 117 [main] INFO  [] - Dispatcher org.apache.skywalking.oap.server.core.analysis.manual.relation.service.ServiceCallRelationDispatcher is added into DefaultScopeDefine 4.
2021-08-23 22:35:12,911 - org.apache.skywalking.oap.server.core.analysis.DispatcherManager - 117 [main] INFO  [] - Dispatcher org.apache.skywalking.oap.server.core.analysis.manual.endpoint.EndpointTrafficDispatcher is added into DefaultScopeDefine 3.
2021-08-23 22:35:12,911 - org.apache.skywalking.oap.server.core.analysis.DispatcherManager - 117 [main] INFO  [] - Dispatcher org.apache.skywalking.oap.server.core.browser.manual.service.BrowserAppTrafficDispatcher is added into DefaultScopeDefine 38.
2021-08-23 22:35:12,912 - org.apache.skywalking.oap.server.core.analysis.DispatcherManager - 117 [main] INFO  [] - Dispatcher org.apache.skywalking.oap.server.core.browser.manual.errorlog.BrowserErrorLogRecordDispatcher is added into DefaultScopeDefine 34.
2021-08-23 22:35:12,912 - org.apache.skywalking.oap.server.core.analysis.DispatcherManager - 117 [main] INFO  [] - Dispatcher org.apache.skywalking.oap.server.core.analysis.manual.networkalias.NetworkAddressAliasSetupDispatcher is added into DefaultScopeDefine 31.
2021-08-23 22:35:12,912 - org.apache.skywalking.oap.server.core.analysis.DispatcherManager - 117 [main] INFO  [] - Dispatcher org.apache.skywalking.oap.server.core.analysis.manual.log.LogRecordDispatcher is added into DefaultScopeDefine 41.
2021-08-23 22:35:12,912 - org.apache.skywalking.oap.server.core.analysis.DispatcherManager - 117 [main] INFO  [] - Dispatcher org.apache.skywalking.oap.server.core.analysis.manual.service.ServiceMetaDispatcher is added into DefaultScopeDefine 29.
2021-08-23 22:35:12,913 - org.apache.skywalking.oap.server.core.analysis.DispatcherManager - 117 [main] INFO  [] - Dispatcher org.apache.skywalking.oap.server.core.analysis.manual.instance.InstanceUpdateDispatcher is added into DefaultScopeDefine 30.
2021-08-23 22:35:13,230 - org.apache.skywalking.oap.server.library.module.BootstrapFlow - 46 [main] INFO  [] - start the provider default in receiver-sharing-server module.
2021-08-23 22:35:13,231 - org.apache.skywalking.oap.server.library.module.BootstrapFlow - 46 [main] INFO  [] - start the provider default in receiver-profile module.
2021-08-23 22:35:13,231 - org.apache.skywalking.oap.server.library.server.grpc.GRPCServer - 140 [main] INFO  [] - Bind handler ProfileTaskServiceHandler into gRPC server 0.0.0.0:11800
2021-08-23 22:35:13,235 - org.apache.skywalking.oap.server.library.server.grpc.GRPCServer - 140 [main] INFO  [] - Bind handler ProfileTaskServiceHandlerCompat into gRPC server 0.0.0.0:11800
2021-08-23 22:35:13,236 - org.apache.skywalking.oap.server.library.module.BootstrapFlow - 46 [main] INFO  [] - start the provider default in agent-analyzer module.
2021-08-23 22:35:15,226 - org.apache.skywalking.oap.server.core.analysis.DispatcherManager - 117 [main] INFO  [] - Dispatcher org.apache.skywalking.oap.server.core.source.oal.rt.dispatcher.EndpointRelationDispatcher is added into DefaultScopeDefine 6.
2021-08-23 22:35:15,226 - org.apache.skywalking.oap.server.core.analysis.DispatcherManager - 117 [main] INFO  [] - Dispatcher org.apache.skywalking.oap.server.core.source.oal.rt.dispatcher.ServiceRelationDispatcher is added into DefaultScopeDefine 4.
2021-08-23 22:35:15,226 - org.apache.skywalking.oap.server.core.analysis.DispatcherManager - 117 [main] INFO  [] - Dispatcher org.apache.skywalking.oap.server.core.source.oal.rt.dispatcher.AllDispatcher is added into DefaultScopeDefine 0.
2021-08-23 22:35:15,227 - org.apache.skywalking.oap.server.core.analysis.DispatcherManager - 117 [main] INFO  [] - Dispatcher org.apache.skywalking.oap.server.core.source.oal.rt.dispatcher.EndpointDispatcher is added into DefaultScopeDefine 3.
2021-08-23 22:35:15,227 - org.apache.skywalking.oap.server.core.analysis.DispatcherManager - 117 [main] INFO  [] - Dispatcher org.apache.skywalking.oap.server.core.source.oal.rt.dispatcher.DatabaseAccessDispatcher is added into DefaultScopeDefine 17.
2021-08-23 22:35:15,227 - org.apache.skywalking.oap.server.core.analysis.DispatcherManager - 117 [main] INFO  [] - Dispatcher org.apache.skywalking.oap.server.core.source.oal.rt.dispatcher.ServiceInstanceDispatcher is added into DefaultScopeDefine 2.
2021-08-23 22:35:15,228 - org.apache.skywalking.oap.server.core.analysis.DispatcherManager - 117 [main] INFO  [] - Dispatcher org.apache.skywalking.oap.server.core.source.oal.rt.dispatcher.ServiceDispatcher is added into DefaultScopeDefine 1.
2021-08-23 22:35:15,228 - org.apache.skywalking.oap.server.core.analysis.DispatcherManager - 117 [main] INFO  [] - Dispatcher org.apache.skywalking.oap.server.core.source.oal.rt.dispatcher.ServiceInstanceRelationDispatcher is added into DefaultScopeDefine 5.
2021-08-23 22:35:17,727 - org.apache.skywalking.oap.server.library.module.BootstrapFlow - 46 [main] INFO  [] - start the provider default in service-mesh module.
2021-08-23 22:35:17,730 - org.apache.skywalking.oap.server.library.server.grpc.GRPCServer - 140 [main] INFO  [] - Bind handler MeshGRPCHandler into gRPC server 0.0.0.0:11800
2021-08-23 22:35:17,735 - org.apache.skywalking.oap.server.library.server.grpc.GRPCServer - 140 [main] INFO  [] - Bind handler MeshGRPCHandlerCompat into gRPC server 0.0.0.0:11800
2021-08-23 22:35:17,737 - org.apache.skywalking.oap.server.library.module.BootstrapFlow - 46 [main] INFO  [] - start the provider default in alarm module.
2021-08-23 22:35:17,737 - org.apache.skywalking.oap.server.library.module.BootstrapFlow - 46 [main] INFO  [] - start the provider default in configuration-discovery module.
2021-08-23 22:35:17,739 - org.apache.skywalking.oap.server.library.server.grpc.GRPCServer - 140 [main] INFO  [] - Bind handler ConfigurationDiscoveryServiceHandler into gRPC server 0.0.0.0:11800
2021-08-23 22:35:17,743 - org.apache.skywalking.oap.server.library.module.BootstrapFlow - 46 [main] INFO  [] - start the provider default in receiver-register module.
2021-08-23 22:35:17,743 - org.apache.skywalking.oap.server.library.server.grpc.GRPCServer - 140 [main] INFO  [] - Bind handler ManagementServiceHandler into gRPC server 0.0.0.0:11800
2021-08-23 22:35:17,750 - org.apache.skywalking.oap.server.library.server.grpc.GRPCServer - 140 [main] INFO  [] - Bind handler ManagementServiceHandlerCompat into gRPC server 0.0.0.0:11800
2021-08-23 22:35:17,753 - org.apache.skywalking.oap.server.library.server.jetty.JettyServer - 79 [main] INFO  [] - Bind handler ManagementServiceReportPropertiesHandler into jetty server 0.0.0.0:12800
2021-08-23 22:35:17,753 - org.apache.skywalking.oap.server.library.server.jetty.JettyServer - 79 [main] INFO  [] - Bind handler ManagementServiceKeepAliveHandler into jetty server 0.0.0.0:12800
2021-08-23 22:35:17,753 - org.apache.skywalking.oap.server.library.module.BootstrapFlow - 46 [main] INFO  [] - start the provider default in receiver-browser module.
2021-08-23 22:35:18,192 - org.apache.skywalking.oap.server.core.analysis.DispatcherManager - 117 [main] INFO  [] - Dispatcher org.apache.skywalking.oap.server.core.browser.source.oal.rt.dispatcher.BrowserAppPagePerfDispatcher is added into DefaultScopeDefine 36.
2021-08-23 22:35:18,193 - org.apache.skywalking.oap.server.core.analysis.DispatcherManager - 117 [main] INFO  [] - Dispatcher org.apache.skywalking.oap.server.core.browser.source.oal.rt.dispatcher.BrowserAppPageTrafficDispatcher is added into DefaultScopeDefine 40.
2021-08-23 22:35:18,193 - org.apache.skywalking.oap.server.core.analysis.DispatcherManager - 117 [main] INFO  [] - Dispatcher org.apache.skywalking.oap.server.core.browser.source.oal.rt.dispatcher.BrowserAppSingleVersionTrafficDispatcher is added into DefaultScopeDefine 39.
2021-08-23 22:35:18,194 - org.apache.skywalking.oap.server.core.analysis.DispatcherManager - 117 [main] INFO  [] - Dispatcher org.apache.skywalking.oap.server.core.browser.source.oal.rt.dispatcher.BrowserAppTrafficDispatcher is added into DefaultScopeDefine 38.
2021-08-23 22:35:18,198 - org.apache.skywalking.oap.server.library.server.grpc.GRPCServer - 140 [main] INFO  [] - Bind handler BrowserPerfServiceHandler into gRPC server 0.0.0.0:11800
2021-08-23 22:35:18,203 - org.apache.skywalking.oap.server.library.server.grpc.GRPCServer - 140 [main] INFO  [] - Bind handler BrowserPerfServiceHandlerCompat into gRPC server 0.0.0.0:11800
2021-08-23 22:35:18,206 - org.apache.skywalking.oap.server.library.server.jetty.JettyServer - 79 [main] INFO  [] - Bind handler BrowserPerfDataReportServletHandler into jetty server 0.0.0.0:12800
2021-08-23 22:35:18,208 - org.apache.skywalking.oap.server.library.server.jetty.JettyServer - 79 [main] INFO  [] - Bind handler BrowserErrorLogReportSingleServletHandler into jetty server 0.0.0.0:12800
2021-08-23 22:35:18,208 - org.apache.skywalking.oap.server.library.server.jetty.JettyServer - 79 [main] INFO  [] - Bind handler BrowserErrorLogReportListServletHandler into jetty server 0.0.0.0:12800
2021-08-23 22:35:18,209 - org.apache.skywalking.oap.server.library.module.BootstrapFlow - 46 [main] INFO  [] - start the provider default in event-analyzer module.
2021-08-23 22:35:18,209 - org.apache.skywalking.oap.server.library.module.BootstrapFlow - 46 [main] INFO  [] - start the provider default in receiver-clr module.
2021-08-23 22:35:18,322 - org.apache.skywalking.oap.server.core.analysis.DispatcherManager - 117 [main] INFO  [] - Dispatcher org.apache.skywalking.oap.server.core.source.oal.rt.dispatcher.ServiceInstanceCLRCPUDispatcher is added into DefaultScopeDefine 19.
2021-08-23 22:35:18,322 - org.apache.skywalking.oap.server.core.analysis.DispatcherManager - 117 [main] INFO  [] - Dispatcher org.apache.skywalking.oap.server.core.source.oal.rt.dispatcher.ServiceInstanceCLRGCDispatcher is added into DefaultScopeDefine 20.
2021-08-23 22:35:18,323 - org.apache.skywalking.oap.server.core.analysis.DispatcherManager - 117 [main] INFO  [] - Dispatcher org.apache.skywalking.oap.server.core.source.oal.rt.dispatcher.ServiceInstanceCLRThreadDispatcher is added into DefaultScopeDefine 21.
2021-08-23 22:35:18,328 - org.apache.skywalking.oap.server.library.server.grpc.GRPCServer - 140 [main] INFO  [] - Bind handler CLRMetricReportServiceHandler into gRPC server 0.0.0.0:11800
2021-08-23 22:35:18,331 - org.apache.skywalking.oap.server.library.server.grpc.GRPCServer - 140 [main] INFO  [] - Bind handler CLRMetricReportServiceHandlerCompat into gRPC server 0.0.0.0:11800
2021-08-23 22:35:18,333 - org.apache.skywalking.oap.server.library.module.BootstrapFlow - 46 [main] INFO  [] - start the provider default in receiver-event module.
2021-08-23 22:35:18,335 - org.apache.skywalking.oap.server.library.server.grpc.GRPCServer - 140 [main] INFO  [] - Bind handler EventGrpcServiceHandler into gRPC server 0.0.0.0:11800
2021-08-23 22:35:18,338 - org.apache.skywalking.oap.server.library.module.BootstrapFlow - 46 [main] INFO  [] - start the provider default in envoy-metric module.
2021-08-23 22:35:19,025 - org.apache.skywalking.oap.server.library.server.grpc.GRPCServer - 140 [main] INFO  [] - Bind handler MetricServiceGRPCHandler into gRPC server 0.0.0.0:11800
2021-08-23 22:35:19,036 - org.apache.skywalking.oap.server.library.server.grpc.GRPCServer - 140 [main] INFO  [] - Bind handler MetricServiceGRPCHandlerV3 into gRPC server 0.0.0.0:11800
2021-08-23 22:35:19,040 - org.apache.skywalking.oap.server.library.server.grpc.GRPCServer - 140 [main] INFO  [] - Bind handler AccessLogServiceGRPCHandler into gRPC server 0.0.0.0:11800
2021-08-23 22:35:19,050 - org.apache.skywalking.oap.server.library.server.grpc.GRPCServer - 140 [main] INFO  [] - Bind handler AccessLogServiceGRPCHandlerV3 into gRPC server 0.0.0.0:11800
2021-08-23 22:35:19,052 - org.apache.skywalking.oap.server.library.module.BootstrapFlow - 46 [main] INFO  [] - start the provider mysql in storage module.
2021-08-23 22:35:19,057 - com.zaxxer.hikari.HikariDataSource - 80 [main] INFO  [] - HikariPool-1 - Starting...
2021-08-23 22:35:23,729 - com.zaxxer.hikari.HikariDataSource - 82 [main] INFO  [] - HikariPool-1 - Start completed.
2021-08-23 22:35:24,781 - org.apache.skywalking.oap.server.library.module.BootstrapFlow - 46 [main] INFO  [] - start the provider default in receiver-trace module.
2021-08-23 22:35:24,782 - org.apache.skywalking.oap.server.library.server.grpc.GRPCServer - 140 [main] INFO  [] - Bind handler TraceSegmentReportServiceHandler into gRPC server 0.0.0.0:11800
2021-08-23 22:35:24,785 - org.apache.skywalking.oap.server.library.server.grpc.GRPCServer - 140 [main] INFO  [] - Bind handler TraceSegmentReportServiceHandlerCompat into gRPC server 0.0.0.0:11800
2021-08-23 22:35:24,787 - org.apache.skywalking.oap.server.library.server.jetty.JettyServer - 79 [main] INFO  [] - Bind handler TraceSegmentReportListServletHandler into jetty server 0.0.0.0:12800
2021-08-23 22:35:24,787 - org.apache.skywalking.oap.server.library.server.jetty.JettyServer - 79 [main] INFO  [] - Bind handler TraceSegmentReportSingleServletHandler into jetty server 0.0.0.0:12800
2021-08-23 22:35:24,788 - org.apache.skywalking.oap.server.library.module.BootstrapFlow - 46 [main] INFO  [] - start the provider default in receiver-jvm module.
2021-08-23 22:35:25,044 - org.apache.skywalking.oap.server.core.analysis.DispatcherManager - 117 [main] INFO  [] - Dispatcher org.apache.skywalking.oap.server.core.source.oal.rt.dispatcher.ServiceInstanceJVMMemoryDispatcher is added into DefaultScopeDefine 9.
2021-08-23 22:35:25,045 - org.apache.skywalking.oap.server.core.analysis.DispatcherManager - 117 [main] INFO  [] - Dispatcher org.apache.skywalking.oap.server.core.source.oal.rt.dispatcher.ServiceInstanceJVMGCDispatcher is added into DefaultScopeDefine 11.
2021-08-23 22:35:25,045 - org.apache.skywalking.oap.server.core.analysis.DispatcherManager - 117 [main] INFO  [] - Dispatcher org.apache.skywalking.oap.server.core.source.oal.rt.dispatcher.ServiceInstanceJVMThreadDispatcher is added into DefaultScopeDefine 33.
2021-08-23 22:35:25,045 - org.apache.skywalking.oap.server.core.analysis.DispatcherManager - 117 [main] INFO  [] - Dispatcher org.apache.skywalking.oap.server.core.source.oal.rt.dispatcher.ServiceInstanceJVMCPUDispatcher is added into DefaultScopeDefine 8.
2021-08-23 22:35:25,048 - org.apache.skywalking.oap.server.library.server.grpc.GRPCServer - 140 [main] INFO  [] - Bind handler JVMMetricReportServiceHandler into gRPC server 0.0.0.0:11800
2021-08-23 22:35:25,051 - org.apache.skywalking.oap.server.library.server.grpc.GRPCServer - 140 [main] INFO  [] - Bind handler JVMMetricReportServiceHandlerCompat into gRPC server 0.0.0.0:11800
2021-08-23 22:35:25,052 - org.apache.skywalking.oap.server.library.module.BootstrapFlow - 46 [main] INFO  [] - start the provider default in receiver-meter module.
2021-08-23 22:35:25,053 - org.apache.skywalking.oap.server.library.server.grpc.GRPCServer - 140 [main] INFO  [] - Bind handler MeterServiceHandler into gRPC server 0.0.0.0:11800
2021-08-23 22:35:25,056 - org.apache.skywalking.oap.server.library.server.grpc.GRPCServer - 140 [main] INFO  [] - Bind handler MeterServiceHandlerCompat into gRPC server 0.0.0.0:11800
2021-08-23 22:35:25,058 - org.apache.skywalking.oap.server.library.module.BootstrapFlow - 46 [main] INFO  [] - start the provider default in log-analyzer module.
2021-08-23 22:35:25,151 - org.apache.skywalking.oap.server.library.module.BootstrapFlow - 46 [main] INFO  [] - start the provider default in receiver-log module.
2021-08-23 22:35:25,153 - org.apache.skywalking.oap.server.library.server.grpc.GRPCServer - 140 [main] INFO  [] - Bind handler LogReportServiceHandler into gRPC server 0.0.0.0:11800
2021-08-23 22:35:30,088 - org.apache.skywalking.oap.server.library.server.jetty.JettyServer - 101 [main] INFO  [] - start server, host: 0.0.0.0, port: 12800
2021-08-23 22:35:30,094 - org.eclipse.jetty.server.Server - 359 [main] INFO  [] - jetty-9.4.28.v20200408; built: 2020-04-08T17:49:39.557Z; git: ab228fde9e55e9164c738d7fa121f8ac5acd51c9; jvm 1.8.0_121-b13
2021-08-23 22:35:30,137 - org.eclipse.jetty.server.handler.ContextHandler - 843 [main] INFO  [] - Started o.e.j.s.ServletContextHandler@4fccdd1d{/,null,AVAILABLE}
2021-08-23 22:35:30,157 - org.eclipse.jetty.server.AbstractConnector - 331 [main] INFO  [] - Started ServerConnector@117bcfdc{HTTP/1.1, (http/1.1)}{0.0.0.0:12800}
2021-08-23 22:35:30,157 - org.eclipse.jetty.server.Server - 399 [main] INFO  [] - Started @21597ms
2021-08-23 22:35:30,159 - org.apache.skywalking.oap.server.core.storage.PersistenceTimer - 62 [main] INFO  [] - persistence timer start
2021-08-23 22:35:30,163 - org.apache.skywalking.oap.server.core.cache.CacheUpdateTimer - 46 [main] INFO  [] - Cache updateServiceInventory timer start
