2021-08-23 22:35:14.063  INFO 8988 --- [main] s.c.a.AnnotationConfigApplicationContext : Refreshing org.springframework.context.annotation.AnnotationConfigApplicationContext@3830f1c0: startup date [Mon Aug 23 22:35:14 CST 2021]; root of context hierarchy
2021-08-23 22:35:14.762  INFO 8988 --- [main] f.a.AutowiredAnnotationBeanPostProcessor : JSR-330 'javax.inject.Inject' annotation found and supported for autowiring
2021-08-23 22:35:14.916  INFO 8988 --- [main] trationDelegate$BeanPostProcessorChecker : Bean 'configurationPropertiesRebinderAutoConfiguration' of type [org.springframework.cloud.autoconfigure.ConfigurationPropertiesRebinderAutoConfiguration$$EnhancerBySpringCGLIB$$26ff84e8] is not eligible for getting processed by all BeanPostProcessors (for example: not eligible for auto-proxying)
2021-08-23 22:35:20.901  INFO 8988 --- [main] o.a.s.apm.webapp.ApplicationStartUp      : No active profile set, falling back to default profiles: default
2021-08-23 22:35:20.932  INFO 8988 --- [main] ationConfigEmbeddedWebApplicationContext : Refreshing org.springframework.boot.context.embedded.AnnotationConfigEmbeddedWebApplicationContext@69ea3742: startup date [Mon Aug 23 22:35:20 CST 2021]; parent: org.springframework.context.annotation.AnnotationConfigApplicationContext@3830f1c0
2021-08-23 22:35:22.229  INFO 8988 --- [main] o.s.b.f.s.DefaultListableBeanFactory     : Overriding bean definition for bean 'counterFactory' with a different definition: replacing [Root bean: class [null]; scope=; abstract=false; lazyInit=false; autowireMode=3; dependencyCheck=0; autowireCandidate=true; primary=false; factoryBeanName=org.springframework.cloud.netflix.zuul.ZuulServerAutoConfiguration$ZuulMetricsConfiguration; factoryMethodName=counterFactory; initMethodName=null; destroyMethodName=(inferred); defined in class path resource [org/springframework/cloud/netflix/zuul/ZuulServerAutoConfiguration$ZuulMetricsConfiguration.class]] with [Root bean: class [null]; scope=; abstract=false; lazyInit=false; autowireMode=3; dependencyCheck=0; autowireCandidate=true; primary=false; factoryBeanName=org.springframework.cloud.netflix.zuul.ZuulServerAutoConfiguration$ZuulCounterFactoryConfiguration; factoryMethodName=counterFactory; initMethodName=null; destroyMethodName=(inferred); defined in class path resource [org/springframework/cloud/netflix/zuul/ZuulServerAutoConfiguration$ZuulCounterFactoryConfiguration.class]]
2021-08-23 22:35:22.508  INFO 8988 --- [main] o.s.cloud.context.scope.GenericScope     : BeanFactory id=5c90c110-a47c-3c99-a38e-b0ff002b7284
2021-08-23 22:35:22.540  INFO 8988 --- [main] f.a.AutowiredAnnotationBeanPostProcessor : JSR-330 'javax.inject.Inject' annotation found and supported for autowiring
2021-08-23 22:35:22.771  INFO 8988 --- [main] trationDelegate$BeanPostProcessorChecker : Bean 'org.springframework.cloud.netflix.metrics.MetricsInterceptorConfiguration$MetricsRestTemplateConfiguration' of type [org.springframework.cloud.netflix.metrics.MetricsInterceptorConfiguration$MetricsRestTemplateConfiguration$$EnhancerBySpringCGLIB$$3d12282c] is not eligible for getting processed by all BeanPostProcessors (for example: not eligible for auto-proxying)
2021-08-23 22:35:23.200  INFO 8988 --- [main] trationDelegate$BeanPostProcessorChecker : Bean 'org.springframework.cloud.autoconfigure.ConfigurationPropertiesRebinderAutoConfiguration' of type [org.springframework.cloud.autoconfigure.ConfigurationPropertiesRebinderAutoConfiguration$$EnhancerBySpringCGLIB$$26ff84e8] is not eligible for getting processed by all BeanPostProcessors (for example: not eligible for auto-proxying)
2021-08-23 22:35:26.722  INFO 8988 --- [main] s.b.c.e.t.TomcatEmbeddedServletContainer : Tomcat initialized with port(s): 8888 (http)
2021-08-23 22:35:26.760  INFO 8988 --- [main] o.apache.catalina.core.StandardService   : Starting service [Tomcat]
2021-08-23 22:35:26.761  INFO 8988 --- [main] org.apache.catalina.core.StandardEngine  : Starting Servlet Engine: Apache Tomcat/8.5.29
2021-08-23 22:35:26.945  INFO 8988 --- [localhost-startStop-1] o.a.c.c.C.[Tomcat].[localhost].[/]       : Initializing Spring embedded WebApplicationContext
2021-08-23 22:35:26.946  INFO 8988 --- [localhost-startStop-1] o.s.web.context.ContextLoader            : Root WebApplicationContext: initialization completed in 6014 ms
2021-08-23 22:35:31.915  INFO 8988 --- [localhost-startStop-1] o.s.b.w.servlet.ServletRegistrationBean  : Mapping servlet: 'dispatcherServlet' to [/]
2021-08-23 22:35:31.917  INFO 8988 --- [localhost-startStop-1] o.s.b.w.servlet.ServletRegistrationBean  : Mapping servlet: 'zuulServlet' to [/zuul/*]
2021-08-23 22:35:31.922  INFO 8988 --- [localhost-startStop-1] o.s.b.w.servlet.FilterRegistrationBean   : Mapping filter: 'metricsFilter' to: [/*]
2021-08-23 22:35:31.922  INFO 8988 --- [localhost-startStop-1] o.s.b.w.servlet.FilterRegistrationBean   : Mapping filter: 'characterEncodingFilter' to: [/*]
2021-08-23 22:35:31.922  INFO 8988 --- [localhost-startStop-1] o.s.b.w.servlet.FilterRegistrationBean   : Mapping filter: 'hiddenHttpMethodFilter' to: [/*]
2021-08-23 22:35:31.923  INFO 8988 --- [localhost-startStop-1] o.s.b.w.servlet.FilterRegistrationBean   : Mapping filter: 'httpPutFormContentFilter' to: [/*]
2021-08-23 22:35:31.923  INFO 8988 --- [localhost-startStop-1] o.s.b.w.servlet.FilterRegistrationBean   : Mapping filter: 'requestContextFilter' to: [/*]
2021-08-23 22:35:31.923  INFO 8988 --- [localhost-startStop-1] o.s.b.w.servlet.FilterRegistrationBean   : Mapping filter: 'webRequestLoggingFilter' to: [/*]
2021-08-23 22:35:31.923  INFO 8988 --- [localhost-startStop-1] o.s.b.w.servlet.FilterRegistrationBean   : Mapping filter: 'applicationContextIdFilter' to: [/*]
2021-08-23 22:35:32.118  WARN 8988 --- [main] c.n.c.sources.URLConfigurationSource     : No URLs will be polled as dynamic configuration sources.
2021-08-23 22:35:32.118  INFO 8988 --- [main] c.n.c.sources.URLConfigurationSource     : To enable URLs as dynamic configuration sources, define System property archaius.configurationSource.additionalUrls or make config.properties available on classpath.
2021-08-23 22:35:32.144  INFO 8988 --- [main] c.netflix.config.DynamicPropertyFactory  : DynamicPropertyFactory is initialized with configuration sources: com.netflix.config.ConcurrentCompositeConfiguration@62e7f11d
2021-08-23 22:35:33.093  WARN 8988 --- [main] o.s.c.n.a.ArchaiusAutoConfiguration      : No spring.application.name found, defaulting to 'application'
2021-08-23 22:35:33.093  WARN 8988 --- [main] c.n.c.sources.URLConfigurationSource     : No URLs will be polled as dynamic configuration sources.
2021-08-23 22:35:33.093  INFO 8988 --- [main] c.n.c.sources.URLConfigurationSource     : To enable URLs as dynamic configuration sources, define System property archaius.configurationSource.additionalUrls or make config.properties available on classpath.
2021-08-23 22:35:33.813  INFO 8988 --- [main] s.w.s.m.m.a.RequestMappingHandlerAdapter : Looking for @ControllerAdvice: org.springframework.boot.context.embedded.AnnotationConfigEmbeddedWebApplicationContext@69ea3742: startup date [Mon Aug 23 22:35:20 CST 2021]; parent: org.springframework.context.annotation.AnnotationConfigApplicationContext@3830f1c0
2021-08-23 22:35:34.151  INFO 8988 --- [main] s.w.s.m.m.a.RequestMappingHandlerMapping : Mapped "{[/error]}" onto public org.springframework.http.ResponseEntity<java.util.Map<java.lang.String, java.lang.Object>> org.springframework.boot.autoconfigure.web.BasicErrorController.error(javax.servlet.http.HttpServletRequest)
2021-08-23 22:35:34.152  INFO 8988 --- [main] s.w.s.m.m.a.RequestMappingHandlerMapping : Mapped "{[/error],produces=[text/html]}" onto public org.springframework.web.servlet.ModelAndView org.springframework.boot.autoconfigure.web.BasicErrorController.errorHtml(javax.servlet.http.HttpServletRequest,javax.servlet.http.HttpServletResponse)
2021-08-23 22:35:34.315  INFO 8988 --- [main] o.s.w.s.handler.SimpleUrlHandlerMapping  : Mapped URL path [/index.html] onto handler of type [class org.springframework.web.servlet.resource.ResourceHttpRequestHandler]
2021-08-23 22:35:34.316  INFO 8988 --- [main] o.s.w.s.handler.SimpleUrlHandlerMapping  : Mapped URL path [/css/**] onto handler of type [class org.springframework.web.servlet.resource.ResourceHttpRequestHandler]
2021-08-23 22:35:34.316  INFO 8988 --- [main] o.s.w.s.handler.SimpleUrlHandlerMapping  : Mapped URL path [/img/**] onto handler of type [class org.springframework.web.servlet.resource.ResourceHttpRequestHandler]
2021-08-23 22:35:34.316  INFO 8988 --- [main] o.s.w.s.handler.SimpleUrlHandlerMapping  : Mapped URL path [/js/**] onto handler of type [class org.springframework.web.servlet.resource.ResourceHttpRequestHandler]
2021-08-23 22:35:34.316  INFO 8988 --- [main] o.s.w.s.handler.SimpleUrlHandlerMapping  : Mapped URL path [/favicon.ico] onto handler of type [class org.springframework.web.servlet.resource.ResourceHttpRequestHandler]
2021-08-23 22:35:34.316  INFO 8988 --- [main] o.s.w.s.handler.SimpleUrlHandlerMapping  : Mapped URL path [/logo.png] onto handler of type [class org.springframework.web.servlet.resource.ResourceHttpRequestHandler]
2021-08-23 22:35:34.358  INFO 8988 --- [main] .m.m.a.ExceptionHandlerExceptionResolver : Detected @ExceptionHandler methods in notFoundHandler
2021-08-23 22:35:34.451  INFO 8988 --- [main] o.s.w.s.handler.SimpleUrlHandlerMapping  : Mapped URL path [/**/favicon.ico] onto handler of type [class org.springframework.web.servlet.resource.ResourceHttpRequestHandler]
2021-08-23 22:35:34.517  INFO 8988 --- [main] oConfiguration$WelcomePageHandlerMapping : Adding welcome page: class path resource [public/index.html]
2021-08-23 22:35:35.651  INFO 8988 --- [main] o.s.b.a.e.mvc.EndpointHandlerMapping     : Mapped "{[/manage/metrics/{name:.*}],methods=[GET],produces=[application/vnd.spring-boot.actuator.v1+json || application/json]}" onto public java.lang.Object org.springframework.boot.actuate.endpoint.mvc.MetricsMvcEndpoint.value(java.lang.String)
2021-08-23 22:35:35.652  INFO 8988 --- [main] o.s.b.a.e.mvc.EndpointHandlerMapping     : Mapped "{[/manage/metrics || /manage/metrics.json],methods=[GET],produces=[application/vnd.spring-boot.actuator.v1+json || application/json]}" onto public java.lang.Object org.springframework.boot.actuate.endpoint.mvc.EndpointMvcAdapter.invoke()
2021-08-23 22:35:35.652  INFO 8988 --- [main] o.s.b.a.e.mvc.EndpointHandlerMapping     : Mapped "{[/manage/autoconfig || /manage/autoconfig.json],methods=[GET],produces=[application/vnd.spring-boot.actuator.v1+json || application/json]}" onto public java.lang.Object org.springframework.boot.actuate.endpoint.mvc.EndpointMvcAdapter.invoke()
2021-08-23 22:35:35.653  INFO 8988 --- [main] o.s.b.a.e.mvc.EndpointHandlerMapping     : Mapped "{[/manage/features || /manage/features.json],methods=[GET],produces=[application/vnd.spring-boot.actuator.v1+json || application/json]}" onto public java.lang.Object org.springframework.boot.actuate.endpoint.mvc.EndpointMvcAdapter.invoke()
2021-08-23 22:35:35.654  INFO 8988 --- [main] o.s.b.a.e.mvc.EndpointHandlerMapping     : Mapped "{[/manage/hystrix.stream/**]}" onto public org.springframework.web.servlet.ModelAndView org.springframework.cloud.netflix.endpoint.ServletWrappingEndpoint.handle(javax.servlet.http.HttpServletRequest,javax.servlet.http.HttpServletResponse) throws java.lang.Exception
2021-08-23 22:35:35.654  INFO 8988 --- [main] o.s.b.a.e.mvc.EndpointHandlerMapping     : Mapped "{[/manage/trace || /manage/trace.json],methods=[GET],produces=[application/vnd.spring-boot.actuator.v1+json || application/json]}" onto public java.lang.Object org.springframework.boot.actuate.endpoint.mvc.EndpointMvcAdapter.invoke()
2021-08-23 22:35:35.655  INFO 8988 --- [main] o.s.b.a.e.mvc.EndpointHandlerMapping     : Mapped "{[/manage/logfile || /manage/logfile.json],methods=[GET || HEAD]}" onto public void org.springframework.boot.actuate.endpoint.mvc.LogFileMvcEndpoint.invoke(javax.servlet.http.HttpServletRequest,javax.servlet.http.HttpServletResponse) throws javax.servlet.ServletException,java.io.IOException
2021-08-23 22:35:35.656  INFO 8988 --- [main] o.s.b.a.e.mvc.EndpointHandlerMapping     : Mapped "{[/manage/env],methods=[POST]}" onto public java.lang.Object org.springframework.cloud.context.environment.EnvironmentManagerMvcEndpoint.value(java.util.Map<java.lang.String, java.lang.String>)
2021-08-23 22:35:35.656  INFO 8988 --- [main] o.s.b.a.e.mvc.EndpointHandlerMapping     : Mapped "{[/manage/env/reset],methods=[POST]}" onto public java.util.Map<java.lang.String, java.lang.Object> org.springframework.cloud.context.environment.EnvironmentManagerMvcEndpoint.reset()
2021-08-23 22:35:35.657  INFO 8988 --- [main] o.s.b.a.e.mvc.EndpointHandlerMapping     : Mapped "{[/manage/heapdump || /manage/heapdump.json],methods=[GET],produces=[application/octet-stream]}" onto public void org.springframework.boot.actuate.endpoint.mvc.HeapdumpMvcEndpoint.invoke(boolean,javax.servlet.http.HttpServletRequest,javax.servlet.http.HttpServletResponse) throws java.io.IOException,javax.servlet.ServletException
2021-08-23 22:35:35.658  INFO 8988 --- [main] o.s.b.a.e.mvc.EndpointHandlerMapping     : Mapped "{[/manage/auditevents || /manage/auditevents.json],methods=[GET],produces=[application/vnd.spring-boot.actuator.v1+json || application/json]}" onto public org.springframework.http.ResponseEntity<?> org.springframework.boot.actuate.endpoint.mvc.AuditEventsMvcEndpoint.findByPrincipalAndAfterAndType(java.lang.String,java.util.Date,java.lang.String)
2021-08-23 22:35:35.665  INFO 8988 --- [main] o.s.b.a.e.mvc.EndpointHandlerMapping     : Mapped "{[/manage/routes || /manage/routes.json],methods=[POST]}" onto public java.lang.Object org.springframework.cloud.netflix.zuul.RoutesMvcEndpoint.reset()
2021-08-23 22:35:35.665  INFO 8988 --- [main] o.s.b.a.e.mvc.EndpointHandlerMapping     : Mapped "{[/manage/routes || /manage/routes.json],methods=[GET],params=[format],produces=[application/vnd.spring-boot.actuator.v1+json || application/json]}" onto public java.lang.Object org.springframework.cloud.netflix.zuul.RoutesMvcEndpoint.invokeRouteDetails(java.lang.String)
2021-08-23 22:35:35.666  INFO 8988 --- [main] o.s.b.a.e.mvc.EndpointHandlerMapping     : Mapped "{[/manage/routes || /manage/routes.json],methods=[GET],produces=[application/vnd.spring-boot.actuator.v1+json || application/json]}" onto public java.lang.Object org.springframework.boot.actuate.endpoint.mvc.EndpointMvcAdapter.invoke()
2021-08-23 22:35:35.667  INFO 8988 --- [main] o.s.b.a.e.mvc.EndpointHandlerMapping     : Mapped "{[/manage/dump || /manage/dump.json],methods=[GET],produces=[application/vnd.spring-boot.actuator.v1+json || application/json]}" onto public java.lang.Object org.springframework.boot.actuate.endpoint.mvc.EndpointMvcAdapter.invoke()
2021-08-23 22:35:35.668  INFO 8988 --- [main] o.s.b.a.e.mvc.EndpointHandlerMapping     : Mapped "{[/manage/filters || /manage/filters.json],methods=[GET],produces=[application/vnd.spring-boot.actuator.v1+json || application/json]}" onto public java.lang.Object org.springframework.boot.actuate.endpoint.mvc.EndpointMvcAdapter.invoke()
2021-08-23 22:35:35.668  INFO 8988 --- [main] o.s.b.a.e.mvc.EndpointHandlerMapping     : Mapped "{[/manage/configprops || /manage/configprops.json],methods=[GET],produces=[application/vnd.spring-boot.actuator.v1+json || application/json]}" onto public java.lang.Object org.springframework.boot.actuate.endpoint.mvc.EndpointMvcAdapter.invoke()
2021-08-23 22:35:35.670  INFO 8988 --- [main] o.s.b.a.e.mvc.EndpointHandlerMapping     : Mapped "{[/manage/loggers/{name:.*}],methods=[GET],produces=[application/vnd.spring-boot.actuator.v1+json || application/json]}" onto public java.lang.Object org.springframework.boot.actuate.endpoint.mvc.LoggersMvcEndpoint.get(java.lang.String)
2021-08-23 22:35:35.671  INFO 8988 --- [main] o.s.b.a.e.mvc.EndpointHandlerMapping     : Mapped "{[/manage/loggers/{name:.*}],methods=[POST],consumes=[application/vnd.spring-boot.actuator.v1+json || application/json],produces=[application/vnd.spring-boot.actuator.v1+json || application/json]}" onto public java.lang.Object org.springframework.boot.actuate.endpoint.mvc.LoggersMvcEndpoint.set(java.lang.String,java.util.Map<java.lang.String, java.lang.String>)
2021-08-23 22:35:35.671  INFO 8988 --- [main] o.s.b.a.e.mvc.EndpointHandlerMapping     : Mapped "{[/manage/loggers || /manage/loggers.json],methods=[GET],produces=[application/vnd.spring-boot.actuator.v1+json || application/json]}" onto public java.lang.Object org.springframework.boot.actuate.endpoint.mvc.EndpointMvcAdapter.invoke()
2021-08-23 22:35:35.671  INFO 8988 --- [main] o.s.b.a.e.mvc.EndpointHandlerMapping     : Mapped "{[/manage/refresh || /manage/refresh.json],methods=[POST]}" onto public java.lang.Object org.springframework.cloud.endpoint.GenericPostableMvcEndpoint.invoke()
2021-08-23 22:35:35.672  INFO 8988 --- [main] o.s.b.a.e.mvc.EndpointHandlerMapping     : Mapped "{[/manage/mappings || /manage/mappings.json],methods=[GET],produces=[application/vnd.spring-boot.actuator.v1+json || application/json]}" onto public java.lang.Object org.springframework.boot.actuate.endpoint.mvc.EndpointMvcAdapter.invoke()
2021-08-23 22:35:35.672  INFO 8988 --- [main] o.s.b.a.e.mvc.EndpointHandlerMapping     : Mapped "{[/manage/info || /manage/info.json],methods=[GET],produces=[application/vnd.spring-boot.actuator.v1+json || application/json]}" onto public java.lang.Object org.springframework.boot.actuate.endpoint.mvc.EndpointMvcAdapter.invoke()
2021-08-23 22:35:35.672  INFO 8988 --- [main] o.s.b.a.e.mvc.EndpointHandlerMapping     : Mapped "{[/manage/archaius || /manage/archaius.json],methods=[GET],produces=[application/vnd.spring-boot.actuator.v1+json || application/json]}" onto public java.lang.Object org.springframework.boot.actuate.endpoint.mvc.EndpointMvcAdapter.invoke()
2021-08-23 22:35:35.673  INFO 8988 --- [main] o.s.b.a.e.mvc.EndpointHandlerMapping     : Mapped "{[/manage/beans || /manage/beans.json],methods=[GET],produces=[application/vnd.spring-boot.actuator.v1+json || application/json]}" onto public java.lang.Object org.springframework.boot.actuate.endpoint.mvc.EndpointMvcAdapter.invoke()
2021-08-23 22:35:35.673  INFO 8988 --- [main] o.s.b.a.e.mvc.EndpointHandlerMapping     : Mapped "{[/manage/env/{name:.*}],methods=[GET],produces=[application/vnd.spring-boot.actuator.v1+json || application/json]}" onto public java.lang.Object org.springframework.boot.actuate.endpoint.mvc.EnvironmentMvcEndpoint.value(java.lang.String)
2021-08-23 22:35:35.674  INFO 8988 --- [main] o.s.b.a.e.mvc.EndpointHandlerMapping     : Mapped "{[/manage/env || /manage/env.json],methods=[GET],produces=[application/vnd.spring-boot.actuator.v1+json || application/json]}" onto public java.lang.Object org.springframework.boot.actuate.endpoint.mvc.EndpointMvcAdapter.invoke()
2021-08-23 22:35:35.674  INFO 8988 --- [main] o.s.b.a.e.mvc.EndpointHandlerMapping     : Mapped "{[/manage/health || /manage/health.json],methods=[GET],produces=[application/vnd.spring-boot.actuator.v1+json || application/json]}" onto public java.lang.Object org.springframework.boot.actuate.endpoint.mvc.HealthMvcEndpoint.invoke(javax.servlet.http.HttpServletRequest,java.security.Principal)
2021-08-23 22:35:38.774  INFO 8988 --- [main] o.s.c.n.zuul.ZuulFilterInitializer       : Starting filter initializer
2021-08-23 22:35:38.978  INFO 8988 --- [main] o.s.j.e.a.AnnotationMBeanExporter        : Registering beans for JMX exposure on startup
2021-08-23 22:35:38.996  INFO 8988 --- [main] o.s.j.e.a.AnnotationMBeanExporter        : Bean with name 'configurationPropertiesRebinder' has been autodetected for JMX exposure
2021-08-23 22:35:38.997  INFO 8988 --- [main] o.s.j.e.a.AnnotationMBeanExporter        : Bean with name 'environmentManager' has been autodetected for JMX exposure
2021-08-23 22:35:38.998  INFO 8988 --- [main] o.s.j.e.a.AnnotationMBeanExporter        : Bean with name 'refreshEndpoint' has been autodetected for JMX exposure
2021-08-23 22:35:39.000  INFO 8988 --- [main] o.s.j.e.a.AnnotationMBeanExporter        : Bean with name 'routesEndpoint' has been autodetected for JMX exposure
2021-08-23 22:35:39.002  INFO 8988 --- [main] o.s.j.e.a.AnnotationMBeanExporter        : Bean with name 'routesMvcEndpoint' has been autodetected for JMX exposure
2021-08-23 22:35:39.002  INFO 8988 --- [main] o.s.j.e.a.AnnotationMBeanExporter        : Bean with name 'filtersEndpoint' has been autodetected for JMX exposure
2021-08-23 22:35:39.003  INFO 8988 --- [main] o.s.j.e.a.AnnotationMBeanExporter        : Bean with name 'refreshScope' has been autodetected for JMX exposure
2021-08-23 22:35:39.010  INFO 8988 --- [main] o.s.j.e.a.AnnotationMBeanExporter        : Located managed bean 'environmentManager': registering with JMX server as MBean [org.springframework.cloud.context.environment:name=environmentManager,type=EnvironmentManager]
2021-08-23 22:35:39.036  INFO 8988 --- [main] o.s.j.e.a.AnnotationMBeanExporter        : Located managed bean 'routesEndpoint': registering with JMX server as MBean [org.springframework.cloud.netflix.zuul:name=routesEndpoint,type=RoutesEndpoint]
2021-08-23 22:35:39.042  WARN 8988 --- [main] o.s.j.e.a.AnnotationMBeanExporter        : Bean with key 'routesEndpoint' has been registered as an MBean but has no exposed attributes or operations
2021-08-23 22:35:39.044  INFO 8988 --- [main] o.s.j.e.a.AnnotationMBeanExporter        : Located managed bean 'routesMvcEndpoint': registering with JMX server as MBean [org.springframework.cloud.netflix.zuul:name=routesMvcEndpoint,type=RoutesMvcEndpoint]
2021-08-23 22:35:39.059  INFO 8988 --- [main] o.s.j.e.a.AnnotationMBeanExporter        : Located managed bean 'filtersEndpoint': registering with JMX server as MBean [org.springframework.cloud.netflix.zuul:name=filtersEndpoint,type=FiltersEndpoint]
2021-08-23 22:35:39.060  WARN 8988 --- [main] o.s.j.e.a.AnnotationMBeanExporter        : Bean with key 'filtersEndpoint' has been registered as an MBean but has no exposed attributes or operations
2021-08-23 22:35:39.062  INFO 8988 --- [main] o.s.j.e.a.AnnotationMBeanExporter        : Located managed bean 'refreshScope': registering with JMX server as MBean [org.springframework.cloud.context.scope.refresh:name=refreshScope,type=RefreshScope]
2021-08-23 22:35:39.087  INFO 8988 --- [main] o.s.j.e.a.AnnotationMBeanExporter        : Located managed bean 'configurationPropertiesRebinder': registering with JMX server as MBean [org.springframework.cloud.context.properties:name=configurationPropertiesRebinder,context=69ea3742,type=ConfigurationPropertiesRebinder]
2021-08-23 22:35:39.097  INFO 8988 --- [main] o.s.j.e.a.AnnotationMBeanExporter        : Located managed bean 'refreshEndpoint': registering with JMX server as MBean [org.springframework.cloud.endpoint:name=refreshEndpoint,type=RefreshEndpoint]
2021-08-23 22:35:39.133  INFO 8988 --- [main] o.s.c.support.DefaultLifecycleProcessor  : Starting beans in phase 0
2021-08-23 22:35:39.216  INFO 8988 --- [main] o.s.c.support.DefaultLifecycleProcessor  : Starting beans in phase 2147483647
2021-08-23 22:35:39.234  INFO 8988 --- [main] ration$HystrixMetricsPollerConfiguration : Starting poller
2021-08-23 22:35:39.406  INFO 8988 --- [main] s.b.c.e.t.TomcatEmbeddedServletContainer : Tomcat started on port(s): 8888 (http)
2021-08-23 22:35:39.412  INFO 8988 --- [main] o.a.s.apm.webapp.ApplicationStartUp      : Started ApplicationStartUp in 30.012 seconds (JVM running for 30.806)
2021-08-23 22:36:43.608  INFO 8988 --- [http-nio-8888-exec-9] o.apache.tomcat.util.http.parser.Cookie  : A cookie header was received [1625322053,1626181292,1626354559] that contained an invalid cookie. That cookie will be ignored.Note: further occurrences of this error will be logged at DEBUG level.
2021-08-23 22:36:43.620  INFO 8988 --- [http-nio-8888-exec-9] o.a.c.c.C.[Tomcat].[localhost].[/]       : Initializing Spring FrameworkServlet 'dispatcherServlet'
2021-08-23 22:36:43.620  INFO 8988 --- [http-nio-8888-exec-9] o.s.web.servlet.DispatcherServlet        : FrameworkServlet 'dispatcherServlet': initialization started
2021-08-23 22:36:43.659  INFO 8988 --- [http-nio-8888-exec-9] o.s.web.servlet.DispatcherServlet        : FrameworkServlet 'dispatcherServlet': initialization completed in 39 ms
2021-08-23 22:36:43.683  INFO 8988 --- [http-nio-8888-exec-9] o.s.c.n.zuul.web.ZuulHandlerMapping      : Mapped URL path [/graphql] onto handler of type [class org.springframework.cloud.netflix.zuul.web.ZuulController]
2021-08-23 22:36:43.683  INFO 8988 --- [http-nio-8888-exec-9] o.s.c.n.zuul.web.ZuulHandlerMapping      : Mapped URL path [/login/account] onto handler of type [class org.springframework.cloud.netflix.zuul.web.ZuulController]
2021-08-23 22:36:44.249  INFO 8988 --- [http-nio-8888-exec-5] s.c.a.AnnotationConfigApplicationContext : Refreshing org.springframework.context.annotation.AnnotationConfigApplicationContext@2e0d8d38: startup date [Mon Aug 23 22:36:44 CST 2021]; parent: org.springframework.boot.context.embedded.AnnotationConfigEmbeddedWebApplicationContext@69ea3742
2021-08-23 22:36:44.343  INFO 8988 --- [http-nio-8888-exec-5] f.a.AutowiredAnnotationBeanPostProcessor : JSR-330 'javax.inject.Inject' annotation found and supported for autowiring
2021-08-23 22:36:44.836  INFO 8988 --- [http-nio-8888-exec-5] c.netflix.config.ChainedDynamicProperty  : Flipping property: collector.ribbon.ActiveConnectionsLimit to use NEXT property: niws.loadbalancer.availabilityFilteringRule.activeConnectionsLimit = 2147483647
2021-08-23 22:36:44.996  INFO 8988 --- [http-nio-8888-exec-5] c.netflix.loadbalancer.BaseLoadBalancer  : Client: collector instantiated a LoadBalancer: DynamicServerListLoadBalancer:{NFLoadBalancer:name=collector,current list of Servers=[],Load balancer stats=Zone stats: {},Server stats: []}ServerList:null
2021-08-23 22:36:45.024  INFO 8988 --- [http-nio-8888-exec-5] c.n.l.DynamicServerListLoadBalancer      : Using serverListUpdater PollingServerListUpdater
2021-08-23 22:36:45.082  INFO 8988 --- [http-nio-8888-exec-5] c.netflix.config.ChainedDynamicProperty  : Flipping property: collector.ribbon.ActiveConnectionsLimit to use NEXT property: niws.loadbalancer.availabilityFilteringRule.activeConnectionsLimit = 2147483647
2021-08-23 22:36:45.085  INFO 8988 --- [http-nio-8888-exec-5] c.n.l.DynamicServerListLoadBalancer      : DynamicServerListLoadBalancer for client collector initialized: DynamicServerListLoadBalancer:{NFLoadBalancer:name=collector,current list of Servers=[127.0.0.1:12800],Load balancer stats=Zone stats: {unknown=[Zone:unknown;	Instance count:1;	Active connections count: 0;	Circuit breaker tripped count: 0;	Active connections per server: 0.0;]
},Server stats: [[Server:127.0.0.1:12800;	Zone:UNKNOWN;	Total Requests:0;	Successive connection failure:0;	Total blackout seconds:0;	Last connection made:Thu Jan 01 08:00:00 CST 1970;	First connection made: Thu Jan 01 08:00:00 CST 1970;	Active Connections:0;	total failure count in last (1000) msecs:0;	average resp time:0.0;	90 percentile resp time:0.0;	95 percentile resp time:0.0;	min resp time:0.0;	max resp time:0.0;	stddev resp time:0.0]
]}ServerList:com.netflix.loadbalancer.ConfigurationBasedServerList@29c41a21
2021-08-23 22:36:46.036  INFO 8988 --- [PollingServerListUpdater-0] c.netflix.config.ChainedDynamicProperty  : Flipping property: collector.ribbon.ActiveConnectionsLimit to use NEXT property: niws.loadbalancer.availabilityFilteringRule.activeConnectionsLimit = 2147483647
