2021-08-23 21:01:15,361 INFO notifyConnectTimeout:200

2021-08-23 21:01:15,366 INFO notifySocketTimeout:8000

2021-08-23 21:01:15,366 INFO isHealthCheck:true

2021-08-23 21:01:15,366 INFO maxHealthCheckFailCount:12

2021-08-23 21:01:15,366 INFO maxContent:10485760

2021-08-23 21:01:15,367 INFO spring.datasource.platform:mysql

2021-08-23 21:01:36,594 WARN DumpService start

2021-08-23 21:01:36,596 INFO start clear all config-info.

2021-08-23 21:01:36,597 WARN clear all config-info failed.

2021-08-23 21:01:36,597 WARN clear all config-info-tenant failed.

2021-08-23 21:01:36,603 INFO start clear all config-info-beta.

2021-08-23 21:01:36,603 WARN clear all config-info-beta failed.

2021-08-23 21:01:36,604 WARN clear all config-info-beta-tenant failed.

2021-08-23 21:01:36,604 INFO start clear all config-info-tag.

2021-08-23 21:01:36,605 WARN clear all config-info-tag failed.

2021-08-23 21:01:36,605 WARN clear all config-info-tag-tenant failed.

2021-08-29 14:01:33,766 INFO notifyConnectTimeout:200

2021-08-29 14:01:33,772 INFO notifySocketTimeout:8000

2021-08-29 14:01:33,772 INFO isHealthCheck:true

2021-08-29 14:01:33,772 INFO maxHealthCheckFailCount:12

2021-08-29 14:01:33,772 INFO maxContent:10485760

2021-08-29 14:01:33,773 INFO spring.datasource.platform:mysql

2021-08-29 14:01:54,593 WARN DumpService start

2021-08-29 14:01:54,594 INFO start clear all config-info.

2021-08-29 14:01:54,595 WARN clear all config-info failed.

2021-08-29 14:01:54,595 WARN clear all config-info-tenant failed.

2021-08-29 14:01:54,603 INFO start clear all config-info-beta.

2021-08-29 14:01:54,603 WARN clear all config-info-beta failed.

2021-08-29 14:01:54,603 WARN clear all config-info-beta-tenant failed.

2021-08-29 14:01:54,604 INFO start clear all config-info-tag.

2021-08-29 14:01:54,605 WARN clear all config-info-tag failed.

2021-08-29 14:01:54,605 WARN clear all config-info-tag-tenant failed.

2021-08-29 14:06:21,972 INFO notifyConnectTimeout:200

2021-08-29 14:06:21,975 INFO notifySocketTimeout:8000

2021-08-29 14:06:21,975 INFO isHealthCheck:true

2021-08-29 14:06:21,975 INFO maxHealthCheckFailCount:12

2021-08-29 14:06:21,975 INFO maxContent:10485760

2021-08-29 14:06:21,976 INFO spring.datasource.platform:mysql

2021-08-29 14:06:43,441 WARN DumpService start

2021-08-29 14:06:43,442 INFO start clear all config-info.

2021-08-29 14:06:43,444 WARN clear all config-info failed.

2021-08-29 14:06:43,445 WARN clear all config-info-tenant failed.

2021-08-29 14:06:43,456 INFO start clear all config-info-beta.

2021-08-29 14:06:43,456 WARN clear all config-info-beta failed.

2021-08-29 14:06:43,456 WARN clear all config-info-beta-tenant failed.

2021-08-29 14:06:43,458 INFO start clear all config-info-tag.

2021-08-29 14:06:43,458 WARN clear all config-info-tag failed.

2021-08-29 14:06:43,458 WARN clear all config-info-tag-tenant failed.

