2021-08-23 21:01:15,376 INFO Starting Nacos v1.4.2 on Google with PID 18552 (D:\Learning-materials\microservices\MicroservicesGreenwich\spring-cloud-alibaba\nacos\target\nacos-server.jar started by zhaokejin in D:\Learning-materials\microservices\MicroservicesGreenwich\spring-cloud-alibaba\nacos\bin)

2021-08-23 21:01:15,378 INFO The following profiles are active: standalone

2021-08-23 21:01:27,890 INFO Bean 'org.springframework.security.access.expression.method.DefaultMethodSecurityExpressionHandler@9573584' of type [org.springframework.security.access.expression.method.DefaultMethodSecurityExpressionHandler] is not eligible for getting processed by all BeanPostProcessors (for example: not eligible for auto-proxying)

2021-08-23 21:01:27,900 INFO Bean 'methodSecurityMetadataSource' of type [org.springframework.security.access.method.DelegatingMethodSecurityMetadataSource] is not eligible for getting processed by all BeanPostProcessors (for example: not eligible for auto-proxying)

2021-08-23 21:01:30,677 INFO Tomcat initialized with port(s): 8848 (http)

2021-08-23 21:01:30,733 INFO Starting service [Tomcat]

2021-08-23 21:01:30,733 INFO Starting Servlet engine: [Apache Tomcat/9.0.38]

2021-08-23 21:01:31,500 INFO At least one JAR was scanned for TLDs yet contained no TLDs. Enable debug logging for this logger for a complete list of JARs that were scanned but no TLDs were found in them. Skipping unneeded JARs during scanning can improve startup time and JSP compilation time.

2021-08-23 21:01:31,561 INFO Initializing Spring embedded WebApplicationContext

2021-08-23 21:01:31,561 INFO Root WebApplicationContext: initialization completed in 16020 ms

2021-08-23 21:01:32,369 INFO HikariPool-1 - Starting...

2021-08-23 21:01:32,902 INFO HikariPool-1 - Start completed.

2021-08-23 21:01:35,355 INFO Nacos-related cluster resource initialization

2021-08-23 21:01:35,375 INFO The cluster resource is initialized

2021-08-23 21:01:36,115 INFO Reflections took 86 ms to scan 1 urls, producing 4 keys and 6 values 

2021-08-23 21:01:36,162 INFO Reflections took 9 ms to scan 1 urls, producing 6 keys and 26 values 

2021-08-23 21:01:36,188 INFO Reflections took 8 ms to scan 1 urls, producing 3 keys and 15 values 

2021-08-23 21:01:36,214 INFO Reflections took 2 ms to scan 1 urls, producing 2 keys and 12 values 

2021-08-23 21:01:37,733 INFO Initializing ExecutorService 'applicationTaskExecutor'

2021-08-23 21:01:37,970 INFO Adding welcome page: class path resource [static/index.html]

2021-08-23 21:01:39,559 INFO Creating filter chain: Ant [pattern='/**'], []

2021-08-23 21:01:39,664 INFO Creating filter chain: any request, [org.springframework.security.web.context.request.async.WebAsyncManagerIntegrationFilter@620aa4ea, org.springframework.security.web.context.SecurityContextPersistenceFilter@23c388c2, org.springframework.security.web.header.HeaderWriterFilter@5aa0dbf4, org.springframework.security.web.csrf.CsrfFilter@5400db36, org.springframework.security.web.authentication.logout.LogoutFilter@1051817b, org.springframework.security.web.savedrequest.RequestCacheAwareFilter@f713686, org.springframework.security.web.servletapi.SecurityContextHolderAwareRequestFilter@5ca17ab0, org.springframework.security.web.authentication.AnonymousAuthenticationFilter@2db2dd9d, org.springframework.security.web.session.SessionManagementFilter@2c5d601e, org.springframework.security.web.access.ExceptionTranslationFilter@2d72f75e]

2021-08-23 21:01:40,047 INFO Initializing ExecutorService 'taskScheduler'

2021-08-23 21:01:40,077 INFO Exposing 2 endpoint(s) beneath base path '/actuator'

2021-08-23 21:01:40,338 INFO Tomcat started on port(s): 8848 (http) with context path '/nacos'

2021-08-23 21:01:40,343 INFO Started Nacos in 29.352 seconds (JVM running for 30.502)

2021-08-23 21:01:40,343 INFO Nacos started successfully in stand alone mode. use external storage

2021-08-23 21:08:19,873 INFO Initializing Spring DispatcherServlet 'dispatcherServlet'

2021-08-23 21:08:19,874 INFO Initializing Servlet 'dispatcherServlet'

2021-08-23 21:08:19,895 INFO Completed initialization in 20 ms

2021-08-23 21:11:36,478 INFO [capacityManagement] start correct usage

2021-08-23 21:11:36,493 INFO [capacityManagement] end correct usage, cost: 0s

2021-08-23 21:11:36,654 WARN clearConfigHistory start

2021-08-23 21:21:36,509 INFO [capacityManagement] start correct usage

2021-08-23 21:21:36,511 INFO [capacityManagement] end correct usage, cost: 0s

2021-08-23 21:21:36,663 WARN clearConfigHistory start

2021-08-23 21:31:36,524 INFO [capacityManagement] start correct usage

2021-08-23 21:31:36,559 INFO [capacityManagement] end correct usage, cost: 0s

2021-08-23 21:31:36,666 WARN clearConfigHistory start

2021-08-23 21:41:36,562 INFO [capacityManagement] start correct usage

2021-08-23 21:41:36,564 INFO [capacityManagement] end correct usage, cost: 0s

2021-08-23 21:41:36,687 WARN clearConfigHistory start

2021-08-23 21:51:36,569 INFO [capacityManagement] start correct usage

2021-08-23 21:51:36,570 INFO [capacityManagement] end correct usage, cost: 0s

2021-08-23 21:51:36,697 WARN clearConfigHistory start

2021-08-23 22:01:36,572 INFO [capacityManagement] start correct usage

2021-08-23 22:01:36,581 INFO [capacityManagement] end correct usage, cost: 0s

2021-08-23 22:01:36,700 WARN clearConfigHistory start

2021-08-23 22:10:59,610 WARN [ConfigServer-HttpClientManager] Start destroying NacosRestTemplate

2021-08-23 22:10:59,610 WARN [HttpClientBeanHolder] Start destroying common HttpClient

2021-08-23 22:10:59,610 WARN [ThreadPoolManager] Start destroying ThreadPool

2021-08-23 22:10:59,610 WARN [WatchFileCenter] start close

2021-08-23 22:10:59,610 WARN [NotifyCenter] Start destroying Publisher

2021-08-23 22:10:59,611 WARN [NotifyCenter] Destruction of the end

2021-08-23 22:10:59,611 WARN [WatchFileCenter] start to shutdown this watcher which is watch : D:\Learning-materials\microservices\MicroservicesGreenwich\spring-cloud-alibaba\nacos\conf

2021-08-23 22:10:59,615 WARN [HttpClientBeanHolder] Destruction of the end

2021-08-23 22:10:59,616 WARN [ConfigServer-HttpClientManager] Destruction of the end

2021-08-23 22:10:59,615 WARN [WatchFileCenter] already closed

2021-08-23 22:10:59,626 INFO Shutting down ExecutorService 'taskScheduler'

2021-08-23 22:10:59,630 INFO Shutting down ExecutorService 'applicationTaskExecutor'

2021-08-23 22:11:16,074 WARN [ThreadPoolManager] Destruction of the end

2021-08-29 14:01:33,783 INFO Starting Nacos v1.4.2 on Google with PID 11980 (D:\Learning-materials\microservices\MicroservicesGreenwich\spring-cloud-alibaba\nacos\target\nacos-server.jar started by zhaokejin in D:\Learning-materials\microservices\MicroservicesGreenwich\spring-cloud-alibaba\nacos\bin)

2021-08-29 14:01:33,783 INFO The following profiles are active: standalone

2021-08-29 14:01:45,864 INFO Bean 'org.springframework.security.access.expression.method.DefaultMethodSecurityExpressionHandler@282cb7c7' of type [org.springframework.security.access.expression.method.DefaultMethodSecurityExpressionHandler] is not eligible for getting processed by all BeanPostProcessors (for example: not eligible for auto-proxying)

2021-08-29 14:01:45,872 INFO Bean 'methodSecurityMetadataSource' of type [org.springframework.security.access.method.DelegatingMethodSecurityMetadataSource] is not eligible for getting processed by all BeanPostProcessors (for example: not eligible for auto-proxying)

2021-08-29 14:01:48,650 INFO Tomcat initialized with port(s): 8848 (http)

2021-08-29 14:01:48,699 INFO Starting service [Tomcat]

2021-08-29 14:01:48,700 INFO Starting Servlet engine: [Apache Tomcat/9.0.38]

2021-08-29 14:01:49,426 INFO At least one JAR was scanned for TLDs yet contained no TLDs. Enable debug logging for this logger for a complete list of JARs that were scanned but no TLDs were found in them. Skipping unneeded JARs during scanning can improve startup time and JSP compilation time.

2021-08-29 14:01:49,484 INFO Initializing Spring embedded WebApplicationContext

2021-08-29 14:01:49,484 INFO Root WebApplicationContext: initialization completed in 15536 ms

2021-08-29 14:01:50,088 INFO HikariPool-1 - Starting...

2021-08-29 14:01:50,461 INFO HikariPool-1 - Start completed.

2021-08-29 14:01:53,181 INFO Nacos-related cluster resource initialization

2021-08-29 14:01:53,204 INFO The cluster resource is initialized

2021-08-29 14:01:54,071 INFO Reflections took 88 ms to scan 1 urls, producing 4 keys and 6 values 

2021-08-29 14:01:54,115 INFO Reflections took 6 ms to scan 1 urls, producing 6 keys and 26 values 

2021-08-29 14:01:54,137 INFO Reflections took 6 ms to scan 1 urls, producing 3 keys and 15 values 

2021-08-29 14:01:54,166 INFO Reflections took 3 ms to scan 1 urls, producing 2 keys and 12 values 

2021-08-29 14:01:55,752 INFO Initializing ExecutorService 'applicationTaskExecutor'

2021-08-29 14:01:55,949 INFO Adding welcome page: class path resource [static/index.html]

2021-08-29 14:01:57,242 INFO Creating filter chain: Ant [pattern='/**'], []

2021-08-29 14:01:57,322 INFO Creating filter chain: any request, [org.springframework.security.web.context.request.async.WebAsyncManagerIntegrationFilter@13006998, org.springframework.security.web.context.SecurityContextPersistenceFilter@1051817b, org.springframework.security.web.header.HeaderWriterFilter@74f7d1d2, org.springframework.security.web.csrf.CsrfFilter@7fe083b1, org.springframework.security.web.authentication.logout.LogoutFilter@41beb473, org.springframework.security.web.savedrequest.RequestCacheAwareFilter@620aa4ea, org.springframework.security.web.servletapi.SecurityContextHolderAwareRequestFilter@4d411036, org.springframework.security.web.authentication.AnonymousAuthenticationFilter@37fbe4a8, org.springframework.security.web.session.SessionManagementFilter@5ca17ab0, org.springframework.security.web.access.ExceptionTranslationFilter@486be205]

2021-08-29 14:01:57,660 INFO Initializing ExecutorService 'taskScheduler'

2021-08-29 14:01:57,685 INFO Exposing 2 endpoint(s) beneath base path '/actuator'

2021-08-29 14:01:57,950 INFO Tomcat started on port(s): 8848 (http) with context path '/nacos'

2021-08-29 14:01:57,954 INFO Started Nacos in 28.265 seconds (JVM running for 29.563)

2021-08-29 14:01:57,954 INFO Nacos started successfully in stand alone mode. use external storage

2021-08-29 14:02:22,781 INFO Initializing Spring DispatcherServlet 'dispatcherServlet'

2021-08-29 14:02:22,781 INFO Initializing Servlet 'dispatcherServlet'

2021-08-29 14:02:22,792 INFO Completed initialization in 11 ms

2021-08-29 14:04:24,381 WARN [NotifyCenter] Start destroying Publisher

2021-08-29 14:04:24,381 WARN [HttpClientBeanHolder] Start destroying common HttpClient

2021-08-29 14:04:24,381 WARN [WatchFileCenter] start close

2021-08-29 14:04:24,381 WARN [ThreadPoolManager] Start destroying ThreadPool

2021-08-29 14:04:24,383 WARN [ConfigServer-HttpClientManager] Start destroying NacosRestTemplate

2021-08-29 14:04:24,381 WARN [NotifyCenter] Destruction of the end

2021-08-29 14:04:24,387 WARN [ConfigServer-HttpClientManager] Destruction of the end

2021-08-29 14:04:24,384 WARN [WatchFileCenter] start to shutdown this watcher which is watch : D:\Learning-materials\microservices\MicroservicesGreenwich\spring-cloud-alibaba\nacos\conf

2021-08-29 14:04:24,388 WARN [HttpClientBeanHolder] Destruction of the end

2021-08-29 14:04:24,388 WARN [WatchFileCenter] already closed

2021-08-29 14:04:24,391 INFO Shutting down ExecutorService 'taskScheduler'

2021-08-29 14:04:24,393 INFO Shutting down ExecutorService 'applicationTaskExecutor'

2021-08-29 14:04:39,565 WARN [ThreadPoolManager] Destruction of the end

2021-08-29 14:06:21,981 INFO Starting Nacos v1.4.2 on Google with PID 20772 (D:\Learning-materials\microservices\MicroservicesGreenwich\spring-cloud-alibaba\nacos\target\nacos-server.jar started by zhaokejin in D:\Learning-materials\microservices\MicroservicesGreenwich\spring-cloud-alibaba\nacos\bin)

2021-08-29 14:06:21,981 INFO The following profiles are active: standalone

2021-08-29 14:06:34,286 INFO Bean 'org.springframework.security.access.expression.method.DefaultMethodSecurityExpressionHandler@6ee4d9ab' of type [org.springframework.security.access.expression.method.DefaultMethodSecurityExpressionHandler] is not eligible for getting processed by all BeanPostProcessors (for example: not eligible for auto-proxying)

2021-08-29 14:06:34,294 INFO Bean 'methodSecurityMetadataSource' of type [org.springframework.security.access.method.DelegatingMethodSecurityMetadataSource] is not eligible for getting processed by all BeanPostProcessors (for example: not eligible for auto-proxying)

2021-08-29 14:06:37,112 INFO Tomcat initialized with port(s): 8848 (http)

2021-08-29 14:06:37,160 INFO Starting service [Tomcat]

2021-08-29 14:06:37,160 INFO Starting Servlet engine: [Apache Tomcat/9.0.38]

2021-08-29 14:06:37,996 INFO At least one JAR was scanned for TLDs yet contained no TLDs. Enable debug logging for this logger for a complete list of JARs that were scanned but no TLDs were found in them. Skipping unneeded JARs during scanning can improve startup time and JSP compilation time.

2021-08-29 14:06:38,088 INFO Initializing Spring embedded WebApplicationContext

2021-08-29 14:06:38,088 INFO Root WebApplicationContext: initialization completed in 15956 ms

2021-08-29 14:06:39,134 INFO HikariPool-1 - Starting...

2021-08-29 14:06:39,523 INFO HikariPool-1 - Start completed.

2021-08-29 14:06:41,918 INFO Nacos-related cluster resource initialization

2021-08-29 14:06:41,937 INFO The cluster resource is initialized

2021-08-29 14:06:42,830 INFO Reflections took 95 ms to scan 1 urls, producing 4 keys and 6 values 

2021-08-29 14:06:42,899 INFO Reflections took 8 ms to scan 1 urls, producing 6 keys and 26 values 

2021-08-29 14:06:42,925 INFO Reflections took 7 ms to scan 1 urls, producing 3 keys and 15 values 

2021-08-29 14:06:42,954 INFO Reflections took 3 ms to scan 1 urls, producing 2 keys and 12 values 

2021-08-29 14:06:45,028 INFO Initializing ExecutorService 'applicationTaskExecutor'

2021-08-29 14:06:45,342 INFO Adding welcome page: class path resource [static/index.html]

2021-08-29 14:06:46,791 INFO Creating filter chain: Ant [pattern='/**'], []

2021-08-29 14:06:46,872 INFO Creating filter chain: any request, [org.springframework.security.web.context.request.async.WebAsyncManagerIntegrationFilter@13006998, org.springframework.security.web.context.SecurityContextPersistenceFilter@1051817b, org.springframework.security.web.header.HeaderWriterFilter@74f7d1d2, org.springframework.security.web.csrf.CsrfFilter@7fe083b1, org.springframework.security.web.authentication.logout.LogoutFilter@41beb473, org.springframework.security.web.savedrequest.RequestCacheAwareFilter@620aa4ea, org.springframework.security.web.servletapi.SecurityContextHolderAwareRequestFilter@4d411036, org.springframework.security.web.authentication.AnonymousAuthenticationFilter@37fbe4a8, org.springframework.security.web.session.SessionManagementFilter@5ca17ab0, org.springframework.security.web.access.ExceptionTranslationFilter@486be205]

2021-08-29 14:06:47,202 INFO Initializing ExecutorService 'taskScheduler'

2021-08-29 14:06:47,230 INFO Exposing 2 endpoint(s) beneath base path '/actuator'

2021-08-29 14:06:47,695 INFO Tomcat started on port(s): 8848 (http) with context path '/nacos'

2021-08-29 14:06:47,700 INFO Started Nacos in 30.051 seconds (JVM running for 31.214)

2021-08-29 14:06:47,700 INFO Nacos started successfully in stand alone mode. use external storage

2021-08-29 14:07:01,176 INFO Initializing Spring DispatcherServlet 'dispatcherServlet'

2021-08-29 14:07:01,177 INFO Initializing Servlet 'dispatcherServlet'

2021-08-29 14:07:01,190 INFO Completed initialization in 13 ms

2021-08-29 14:16:43,296 INFO [capacityManagement] start correct usage

2021-08-29 14:16:43,327 INFO [capacityManagement] end correct usage, cost: 0s

2021-08-29 14:16:43,495 WARN clearConfigHistory start

2021-08-29 14:26:43,330 INFO [capacityManagement] start correct usage

2021-08-29 14:26:43,338 INFO [capacityManagement] end correct usage, cost: 0s

2021-08-29 14:26:43,513 WARN clearConfigHistory start

2021-08-29 14:36:43,339 INFO [capacityManagement] start correct usage

2021-08-29 14:36:43,353 INFO [capacityManagement] end correct usage, cost: 0s

2021-08-29 14:36:43,524 WARN clearConfigHistory start

2021-08-29 14:46:43,355 INFO [capacityManagement] start correct usage

2021-08-29 14:46:43,363 INFO [capacityManagement] end correct usage, cost: 0s

2021-08-29 14:46:43,532 WARN clearConfigHistory start

2021-08-29 14:56:43,365 INFO [capacityManagement] start correct usage

2021-08-29 14:56:43,377 INFO [capacityManagement] end correct usage, cost: 0s

2021-08-29 14:56:43,540 WARN clearConfigHistory start

2021-08-29 15:06:43,379 INFO [capacityManagement] start correct usage

2021-08-29 15:06:43,383 INFO [capacityManagement] end correct usage, cost: 0s

2021-08-29 15:06:43,545 WARN clearConfigHistory start

2021-08-29 15:16:43,385 INFO [capacityManagement] start correct usage

2021-08-29 15:16:43,398 INFO [capacityManagement] end correct usage, cost: 0s

2021-08-29 15:16:43,551 WARN clearConfigHistory start

2021-08-29 15:26:43,399 INFO [capacityManagement] start correct usage

2021-08-29 15:26:43,409 INFO [capacityManagement] end correct usage, cost: 0s

2021-08-29 15:26:43,559 WARN clearConfigHistory start

2021-08-29 15:36:43,413 INFO [capacityManagement] start correct usage

2021-08-29 15:36:43,422 INFO [capacityManagement] end correct usage, cost: 0s

2021-08-29 15:36:43,569 WARN clearConfigHistory start

2021-08-29 15:46:43,425 INFO [capacityManagement] start correct usage

2021-08-29 15:46:43,443 INFO [capacityManagement] end correct usage, cost: 0s

2021-08-29 15:46:43,578 WARN clearConfigHistory start

2021-08-29 15:56:43,446 INFO [capacityManagement] start correct usage

2021-08-29 15:56:43,448 INFO [capacityManagement] end correct usage, cost: 0s

2021-08-29 15:56:43,585 WARN clearConfigHistory start

2021-08-29 16:06:43,452 INFO [capacityManagement] start correct usage

2021-08-29 16:06:43,453 INFO [capacityManagement] end correct usage, cost: 0s

2021-08-29 16:06:43,588 WARN clearConfigHistory start

2021-08-29 16:16:43,458 INFO [capacityManagement] start correct usage

2021-08-29 16:16:43,464 INFO [capacityManagement] end correct usage, cost: 0s

2021-08-29 16:16:43,591 WARN clearConfigHistory start

2021-08-29 16:26:43,466 INFO [capacityManagement] start correct usage

2021-08-29 16:26:43,471 INFO [capacityManagement] end correct usage, cost: 0s

2021-08-29 16:26:43,599 WARN clearConfigHistory start

2021-08-29 16:36:43,472 INFO [capacityManagement] start correct usage

2021-08-29 16:36:43,484 INFO [capacityManagement] end correct usage, cost: 0s

2021-08-29 16:36:43,604 WARN clearConfigHistory start

2021-08-29 16:46:43,487 INFO [capacityManagement] start correct usage

2021-08-29 16:46:43,495 INFO [capacityManagement] end correct usage, cost: 0s

2021-08-29 16:46:43,611 WARN clearConfigHistory start

2021-08-29 16:56:43,497 INFO [capacityManagement] start correct usage

2021-08-29 16:56:43,502 INFO [capacityManagement] end correct usage, cost: 0s

2021-08-29 16:56:43,616 WARN clearConfigHistory start

2021-08-29 17:06:43,506 INFO [capacityManagement] start correct usage

2021-08-29 17:06:43,519 INFO [capacityManagement] end correct usage, cost: 0s

2021-08-29 17:06:43,624 WARN clearConfigHistory start

2021-08-29 17:16:43,520 INFO [capacityManagement] start correct usage

2021-08-29 17:16:43,532 INFO [capacityManagement] end correct usage, cost: 0s

2021-08-29 17:16:43,632 WARN clearConfigHistory start

2021-08-29 17:26:43,535 INFO [capacityManagement] start correct usage

2021-08-29 17:26:43,548 INFO [capacityManagement] end correct usage, cost: 0s

2021-08-29 17:26:43,637 WARN clearConfigHistory start

2021-08-29 17:36:43,552 INFO [capacityManagement] start correct usage

2021-08-29 17:36:43,558 INFO [capacityManagement] end correct usage, cost: 0s

2021-08-29 17:36:43,647 WARN clearConfigHistory start

2021-08-29 17:46:43,559 INFO [capacityManagement] start correct usage

2021-08-29 17:46:43,561 INFO [capacityManagement] end correct usage, cost: 0s

2021-08-29 17:46:43,652 WARN clearConfigHistory start

2021-08-29 17:56:43,563 INFO [capacityManagement] start correct usage

2021-08-29 17:56:43,573 INFO [capacityManagement] end correct usage, cost: 0s

2021-08-29 17:56:43,654 WARN clearConfigHistory start

2021-08-29 18:06:43,574 INFO [capacityManagement] start correct usage

2021-08-29 18:06:43,586 INFO [capacityManagement] end correct usage, cost: 0s

2021-08-29 18:06:43,662 WARN clearConfigHistory start

2021-08-29 18:16:43,588 INFO [capacityManagement] start correct usage

2021-08-29 18:16:43,592 INFO [capacityManagement] end correct usage, cost: 0s

2021-08-29 18:16:43,668 WARN clearConfigHistory start

2021-08-29 18:26:43,595 INFO [capacityManagement] start correct usage

2021-08-29 18:26:43,611 INFO [capacityManagement] end correct usage, cost: 0s

2021-08-29 18:26:43,675 WARN clearConfigHistory start

2021-08-29 18:36:43,614 INFO [capacityManagement] start correct usage

2021-08-29 18:36:43,626 INFO [capacityManagement] end correct usage, cost: 0s

2021-08-29 18:36:43,681 WARN clearConfigHistory start

2021-08-29 18:46:43,628 INFO [capacityManagement] start correct usage

2021-08-29 18:46:43,634 INFO [capacityManagement] end correct usage, cost: 0s

2021-08-29 18:46:43,687 WARN clearConfigHistory start

2021-08-29 18:56:43,637 INFO [capacityManagement] start correct usage

2021-08-29 18:56:43,643 INFO [capacityManagement] end correct usage, cost: 0s

2021-08-29 18:56:43,690 WARN clearConfigHistory start

2021-08-29 19:06:43,644 INFO [capacityManagement] start correct usage

2021-08-29 19:06:43,655 INFO [capacityManagement] end correct usage, cost: 0s

2021-08-29 19:06:43,696 WARN clearConfigHistory start

2021-08-29 19:16:43,656 INFO [capacityManagement] start correct usage

2021-08-29 19:16:43,657 INFO [capacityManagement] end correct usage, cost: 0s

2021-08-29 19:16:43,700 WARN clearConfigHistory start

2021-08-29 19:26:43,661 INFO [capacityManagement] start correct usage

2021-08-29 19:26:43,666 INFO [capacityManagement] end correct usage, cost: 0s

2021-08-29 19:26:43,704 WARN clearConfigHistory start

2021-08-29 19:36:43,667 INFO [capacityManagement] start correct usage

2021-08-29 19:36:43,682 INFO [capacityManagement] end correct usage, cost: 0s

2021-08-29 19:36:43,708 WARN clearConfigHistory start

2021-08-29 19:46:43,683 INFO [capacityManagement] start correct usage

2021-08-29 19:46:43,686 INFO [capacityManagement] end correct usage, cost: 0s

2021-08-29 19:46:43,711 WARN clearConfigHistory start

2021-08-29 19:56:43,688 INFO [capacityManagement] start correct usage

2021-08-29 19:56:43,694 INFO [capacityManagement] end correct usage, cost: 0s

2021-08-29 19:56:43,713 WARN clearConfigHistory start

2021-08-29 20:06:43,697 INFO [capacityManagement] start correct usage

2021-08-29 20:06:43,698 INFO [capacityManagement] end correct usage, cost: 0s

2021-08-29 20:06:43,718 WARN clearConfigHistory start

2021-08-29 20:07:10,270 WARN [HttpClientBeanHolder] Start destroying common HttpClient

2021-08-29 20:07:10,271 WARN [ConfigServer-HttpClientManager] Start destroying NacosRestTemplate

2021-08-29 20:07:10,270 WARN [NotifyCenter] Start destroying Publisher

2021-08-29 20:07:10,273 WARN [ConfigServer-HttpClientManager] Destruction of the end

2021-08-29 20:07:10,273 WARN [HttpClientBeanHolder] Destruction of the end

2021-08-29 20:07:10,271 WARN [WatchFileCenter] start close

2021-08-29 20:07:10,271 WARN [NotifyCenter] Destruction of the end

2021-08-29 20:07:10,274 WARN [WatchFileCenter] start to shutdown this watcher which is watch : D:\Learning-materials\microservices\MicroservicesGreenwich\spring-cloud-alibaba\nacos\conf

2021-08-29 20:07:10,274 WARN [ThreadPoolManager] Start destroying ThreadPool

2021-08-29 20:07:10,275 WARN [WatchFileCenter] already closed

2021-08-29 20:07:10,277 INFO Shutting down ExecutorService 'taskScheduler'

2021-08-29 20:07:10,278 INFO Shutting down ExecutorService 'applicationTaskExecutor'

2021-08-29 20:07:26,809 WARN [ThreadPoolManager] Destruction of the end

