2021-08-23 21:01:35,458 INFO raft peers changed: [Member{ip='192.168.0.111', port=8848, state=UP, extendInfo={raftPort=7848}}]

2021-08-23 21:01:35,506 INFO initializing Raft sub-system

2021-08-23 21:01:35,506 INFO finish loading all datums, size: 0 cost 0 ms.

2021-08-23 21:01:35,516 INFO cache loaded, datum count: 0, current term: 0

2021-08-23 21:01:35,516 INFO finish to load data from disk, cost: 10 ms.

2021-08-23 21:01:35,519 INFO timer started: leader timeout ms: 15000, heart-beat timeout ms: 5000

2021-08-23 21:01:36,402 INFO add listener: com.alibaba.nacos.naming.domains.meta.00-00---000-NACOS_SWITCH_DOMAIN-000---00-00

2021-08-23 21:01:36,420 INFO add listener: com.alibaba.nacos.naming.domains.meta.

2021-08-23 21:01:40,450 WARN start to close old raft protocol!!!

2021-08-23 21:01:40,450 WARN stop old raft protocol task for notifier

2021-08-23 21:01:40,450 WARN stop old raft protocol task for master task

2021-08-23 21:01:40,450 WARN stop old raft protocol task for heartbeat task

2021-08-23 21:01:40,450 WARN clean old cache datum for old raft

2021-08-23 21:01:40,450 WARN start to close old raft protocol!!!

2021-08-23 21:01:40,450 WARN stop old raft protocol task for notifier

2021-08-23 21:01:40,450 WARN stop old raft protocol task for master task

2021-08-23 21:01:40,450 WARN stop old raft protocol task for heartbeat task

2021-08-23 21:01:40,450 WARN clean old cache datum for old raft

2021-08-23 21:01:40,450 WARN start to move old raft protocol metadata

2021-08-23 21:01:40,453 WARN start to move old raft protocol metadata

2021-08-23 21:01:40,454 INFO raft peers changed: [Member{ip='192.168.0.111', port=8848, state=UP, extendInfo={lastRefreshTime=1629723700453, raftPort=7848, version=1.4.2}}]

2021-08-29 14:01:53,302 INFO raft peers changed: [Member{ip='192.168.0.111', port=8848, state=UP, extendInfo={raftPort=7848}}]

2021-08-29 14:01:53,365 INFO initializing Raft sub-system

2021-08-29 14:01:53,365 INFO finish loading all datums, size: 0 cost 0 ms.

2021-08-29 14:01:53,377 INFO cache loaded, datum count: 0, current term: 0

2021-08-29 14:01:53,377 INFO finish to load data from disk, cost: 12 ms.

2021-08-29 14:01:53,382 INFO timer started: leader timeout ms: 15000, heart-beat timeout ms: 5000

2021-08-29 14:01:54,370 INFO add listener: com.alibaba.nacos.naming.domains.meta.00-00---000-NACOS_SWITCH_DOMAIN-000---00-00

2021-08-29 14:01:54,391 INFO add listener: com.alibaba.nacos.naming.domains.meta.

2021-08-29 14:01:58,279 WARN start to close old raft protocol!!!

2021-08-29 14:01:58,279 WARN stop old raft protocol task for notifier

2021-08-29 14:01:58,279 WARN stop old raft protocol task for master task

2021-08-29 14:01:58,279 WARN stop old raft protocol task for heartbeat task

2021-08-29 14:01:58,279 WARN clean old cache datum for old raft

2021-08-29 14:01:58,279 WARN start to close old raft protocol!!!

2021-08-29 14:01:58,279 WARN stop old raft protocol task for notifier

2021-08-29 14:01:58,279 WARN stop old raft protocol task for master task

2021-08-29 14:01:58,279 WARN stop old raft protocol task for heartbeat task

2021-08-29 14:01:58,279 WARN clean old cache datum for old raft

2021-08-29 14:01:58,279 WARN start to move old raft protocol metadata

2021-08-29 14:01:58,281 WARN start to move old raft protocol metadata

2021-08-29 14:01:58,283 INFO raft peers changed: [Member{ip='192.168.0.111', port=8848, state=UP, extendInfo={lastRefreshTime=1630216918281, raftPort=7848, version=1.4.2}}]

2021-08-29 14:06:41,999 INFO raft peers changed: [Member{ip='192.168.0.111', port=8848, state=UP, extendInfo={raftPort=7848}}]

2021-08-29 14:06:42,053 INFO initializing Raft sub-system

2021-08-29 14:06:42,054 INFO finish loading all datums, size: 0 cost 1 ms.

2021-08-29 14:06:42,066 INFO cache loaded, datum count: 0, current term: 0

2021-08-29 14:06:42,066 INFO finish to load data from disk, cost: 13 ms.

2021-08-29 14:06:42,071 INFO timer started: leader timeout ms: 15000, heart-beat timeout ms: 5000

2021-08-29 14:06:42,169 INFO leader timeout, start voting,leader: {"ip":"192.168.0.111:8848","term":0,"leaderDueMs":18196,"heartbeatDueMs":4500,"state":"FOLLOWER"}, term: 0

2021-08-29 14:06:43,185 INFO add listener: com.alibaba.nacos.naming.domains.meta.00-00---000-NACOS_SWITCH_DOMAIN-000---00-00

2021-08-29 14:06:43,231 INFO add listener: com.alibaba.nacos.naming.domains.meta.

2021-08-29 14:06:46,986 WARN start to close old raft protocol!!!

2021-08-29 14:06:46,986 WARN stop old raft protocol task for notifier

2021-08-29 14:06:46,986 WARN stop old raft protocol task for master task

2021-08-29 14:06:46,986 WARN stop old raft protocol task for heartbeat task

2021-08-29 14:06:46,986 WARN clean old cache datum for old raft

2021-08-29 14:06:46,986 WARN start to close old raft protocol!!!

2021-08-29 14:06:46,986 WARN stop old raft protocol task for notifier

2021-08-29 14:06:46,986 WARN stop old raft protocol task for master task

2021-08-29 14:06:46,986 WARN stop old raft protocol task for heartbeat task

2021-08-29 14:06:46,986 WARN clean old cache datum for old raft

2021-08-29 14:06:46,986 WARN start to move old raft protocol metadata

2021-08-29 14:06:46,988 WARN start to move old raft protocol metadata

2021-08-29 14:06:46,990 INFO raft peers changed: [Member{ip='192.168.0.111', port=8848, state=UP, extendInfo={lastRefreshTime=1630217206988, raftPort=7848, version=1.4.2}}]

