2021-08-23 21:02:06,664 INFO PERFORMANCE:|0|0|-1|-1

2021-08-23 21:07:06,681 INFO PERFORMANCE:|0|0|-1|-1

2021-08-23 21:12:06,694 INFO PERFORMANCE:|2|2|-1|-1

2021-08-23 21:17:06,694 INFO PERFORMANCE:|2|2|-1|-1

2021-08-23 21:22:06,701 INFO PERFORMANCE:|2|2|-1|-1

2021-08-23 21:27:06,707 INFO PERFORMANCE:|2|2|-1|-1

2021-08-23 21:32:06,709 INFO PERFORMANCE:|2|2|-1|-1

2021-08-23 21:37:06,710 INFO PERFORMANCE:|2|2|-1|-1

2021-08-23 21:42:06,711 INFO PERFORMANCE:|2|3|-1|-1

2021-08-23 21:47:06,712 INFO PERFORMANCE:|2|3|10|5

2021-08-23 21:52:06,725 INFO PERFORMANCE:|2|3|-1|-1

2021-08-23 21:57:06,737 INFO PERFORMANCE:|2|3|-1|-1

2021-08-23 22:02:06,747 INFO PERFORMANCE:|2|3|-1|-1

2021-08-23 22:07:06,762 INFO PERFORMANCE:|2|3|-1|-1

2021-08-29 14:02:24,664 INFO PERFORMANCE:|0|0|-1|-1

2021-08-29 14:07:13,524 INFO PERFORMANCE:|0|0|-1|-1

2021-08-29 14:12:13,525 INFO PERFORMANCE:|0|0|-1|-1

2021-08-29 14:17:13,526 INFO PERFORMANCE:|0|0|-1|-1

2021-08-29 14:22:13,529 INFO PERFORMANCE:|0|0|-1|-1

2021-08-29 14:27:13,530 INFO PERFORMANCE:|0|0|-1|-1

2021-08-29 14:32:13,533 INFO PERFORMANCE:|0|0|-1|-1

2021-08-29 14:37:13,535 INFO PERFORMANCE:|0|0|-1|-1

2021-08-29 14:42:13,538 INFO PERFORMANCE:|0|0|-1|-1

2021-08-29 14:47:13,542 INFO PERFORMANCE:|0|0|-1|-1

2021-08-29 14:52:13,546 INFO PERFORMANCE:|0|0|-1|-1

2021-08-29 14:57:13,548 INFO PERFORMANCE:|0|0|-1|-1

2021-08-29 15:02:13,548 INFO PERFORMANCE:|0|0|-1|-1

2021-08-29 15:07:13,550 INFO PERFORMANCE:|0|0|-1|-1

2021-08-29 15:12:13,553 INFO PERFORMANCE:|0|0|-1|-1

2021-08-29 15:17:13,557 INFO PERFORMANCE:|0|0|-1|-1

2021-08-29 15:22:13,559 INFO PERFORMANCE:|0|0|-1|-1

2021-08-29 15:27:13,559 INFO PERFORMANCE:|0|0|-1|-1

2021-08-29 15:32:13,562 INFO PERFORMANCE:|0|0|-1|-1

2021-08-29 15:37:13,566 INFO PERFORMANCE:|0|0|-1|-1

2021-08-29 15:42:13,567 INFO PERFORMANCE:|0|0|-1|-1

2021-08-29 15:47:13,569 INFO PERFORMANCE:|0|0|-1|-1

2021-08-29 15:52:13,571 INFO PERFORMANCE:|0|0|-1|-1

2021-08-29 15:57:13,575 INFO PERFORMANCE:|0|0|-1|-1

2021-08-29 16:02:13,576 INFO PERFORMANCE:|0|0|-1|-1

2021-08-29 16:07:13,578 INFO PERFORMANCE:|0|0|-1|-1

2021-08-29 16:12:13,581 INFO PERFORMANCE:|0|0|-1|-1

2021-08-29 16:17:13,584 INFO PERFORMANCE:|0|0|-1|-1

2021-08-29 16:22:13,585 INFO PERFORMANCE:|0|0|-1|-1

2021-08-29 16:27:13,587 INFO PERFORMANCE:|0|0|-1|-1

2021-08-29 16:32:13,589 INFO PERFORMANCE:|0|0|-1|-1

2021-08-29 16:37:13,592 INFO PERFORMANCE:|0|0|-1|-1

2021-08-29 16:42:13,593 INFO PERFORMANCE:|0|0|-1|-1

2021-08-29 16:47:13,596 INFO PERFORMANCE:|0|0|-1|-1

2021-08-29 16:52:13,599 INFO PERFORMANCE:|0|0|-1|-1

2021-08-29 16:57:13,601 INFO PERFORMANCE:|0|0|-1|-1

2021-08-29 17:02:13,604 INFO PERFORMANCE:|0|0|-1|-1

2021-08-29 17:07:13,606 INFO PERFORMANCE:|0|0|-1|-1

2021-08-29 17:12:13,608 INFO PERFORMANCE:|0|0|-1|-1

2021-08-29 17:17:13,608 INFO PERFORMANCE:|0|0|-1|-1

2021-08-29 17:22:13,610 INFO PERFORMANCE:|0|0|-1|-1

2021-08-29 17:27:13,612 INFO PERFORMANCE:|0|0|-1|-1

2021-08-29 17:32:13,614 INFO PERFORMANCE:|0|0|-1|-1

2021-08-29 17:37:13,615 INFO PERFORMANCE:|0|0|-1|-1

2021-08-29 17:42:13,618 INFO PERFORMANCE:|0|0|-1|-1

2021-08-29 17:47:13,619 INFO PERFORMANCE:|0|0|-1|-1

2021-08-29 17:52:13,621 INFO PERFORMANCE:|0|0|-1|-1

2021-08-29 17:57:13,624 INFO PERFORMANCE:|0|0|-1|-1

2021-08-29 18:02:13,626 INFO PERFORMANCE:|0|0|-1|-1

2021-08-29 18:07:13,630 INFO PERFORMANCE:|0|0|-1|-1

2021-08-29 18:12:13,631 INFO PERFORMANCE:|0|0|-1|-1

2021-08-29 18:17:13,634 INFO PERFORMANCE:|0|0|-1|-1

2021-08-29 18:22:13,637 INFO PERFORMANCE:|0|0|-1|-1

2021-08-29 18:27:13,639 INFO PERFORMANCE:|0|0|-1|-1

2021-08-29 18:32:13,642 INFO PERFORMANCE:|0|0|-1|-1

2021-08-29 18:37:13,645 INFO PERFORMANCE:|0|0|-1|-1

2021-08-29 18:42:13,647 INFO PERFORMANCE:|0|0|-1|-1

2021-08-29 18:47:13,649 INFO PERFORMANCE:|0|0|-1|-1

2021-08-29 18:52:13,651 INFO PERFORMANCE:|0|0|-1|-1

2021-08-29 18:57:13,653 INFO PERFORMANCE:|0|0|-1|-1

2021-08-29 19:02:13,655 INFO PERFORMANCE:|0|0|-1|-1

2021-08-29 19:07:13,658 INFO PERFORMANCE:|0|0|-1|-1

2021-08-29 19:12:13,661 INFO PERFORMANCE:|0|0|-1|-1

2021-08-29 19:17:13,665 INFO PERFORMANCE:|0|0|-1|-1

2021-08-29 19:22:13,666 INFO PERFORMANCE:|0|0|-1|-1

2021-08-29 19:27:13,670 INFO PERFORMANCE:|0|0|-1|-1

2021-08-29 19:32:13,672 INFO PERFORMANCE:|0|0|-1|-1

2021-08-29 19:37:13,674 INFO PERFORMANCE:|0|0|-1|-1

2021-08-29 19:42:13,675 INFO PERFORMANCE:|0|0|-1|-1

2021-08-29 19:47:13,678 INFO PERFORMANCE:|0|0|-1|-1

2021-08-29 19:52:13,682 INFO PERFORMANCE:|0|0|-1|-1

2021-08-29 19:57:13,686 INFO PERFORMANCE:|0|0|-1|-1

2021-08-29 20:02:13,688 INFO PERFORMANCE:|0|0|-1|-1

2021-08-29 20:07:13,691 INFO PERFORMANCE:|0|0|-1|-1

